[0.287s] Invoking command in '/home/ubuntu/IsaacSim-ros_workspaces/humble_ws/src/build/isaacsim': CMAKE_PREFIX_PATH=/home/ubuntu/warehouse-automation-001/install/warehouse_msgs:/home/ubuntu/warehouse-automation-001/install/order_system:/home/ubuntu/warehouse-automation-001/install/orchestrator:/home/ubuntu/warehouse-automation-001/install/hello_world_pkgs:/home/ubuntu/warehouse-automation-001/install/cuopt_bridge:/home/ubuntu/warehouse-automation-001/install/amr_description:/opt/ros/humble PS1=\[\e]0;\u@\h: \w\a\]${debian_chroot:+($debian_chroot)}\[\033[01;32m\]\u@\h\[\033[00m\]:\[\033[01;34m\]\w\[\033[00m\]\$ /usr/bin/cmake /home/ubuntu/IsaacSim-ros_workspaces/humble_ws/src/isaacsim -DCMAKE_INSTALL_PREFIX=/home/ubuntu/IsaacSim-ros_workspaces/humble_ws/src/install/isaacsim
[0.349s] -- The C compiler identification is GNU 11.4.0
[0.426s] -- The CXX compiler identification is GNU 11.4.0
[0.443s] -- Detecting C compiler ABI info
[0.555s] -- Detecting C compiler ABI info - done
[0.562s] -- Check for working C compiler: /usr/bin/cc - skipped
[0.563s] -- Detecting C compile features
[0.564s] -- Detecting C compile features - done
[0.572s] -- Detecting CXX compiler ABI info
[0.685s] -- Detecting CXX compiler ABI info - done
[0.697s] -- Check for working CXX compiler: /usr/bin/c++ - skipped
[0.697s] -- Detecting CXX compile features
[0.698s] -- Detecting CXX compile features - done
[0.712s] -- Found ament_cmake: 1.3.13 (/opt/ros/humble/share/ament_cmake/cmake)
[1.357s] -- Found Python3: /usr/local/bin/python3 (found version "3.10.12") found components: Interpreter 
[1.564s] -- Found rclpy: 3.3.19 (/opt/ros/humble/share/rclpy/cmake)
[1.686s] -- Configuring done
[1.690s] -- Generating done
[1.694s] -- Build files have been written to: /home/ubuntu/IsaacSim-ros_workspaces/humble_ws/src/build/isaacsim
[1.730s] Invoked command in '/home/ubuntu/IsaacSim-ros_workspaces/humble_ws/src/build/isaacsim' returned '0': CMAKE_PREFIX_PATH=/home/ubuntu/warehouse-automation-001/install/warehouse_msgs:/home/ubuntu/warehouse-automation-001/install/order_system:/home/ubuntu/warehouse-automation-001/install/orchestrator:/home/ubuntu/warehouse-automation-001/install/hello_world_pkgs:/home/ubuntu/warehouse-automation-001/install/cuopt_bridge:/home/ubuntu/warehouse-automation-001/install/amr_description:/opt/ros/humble PS1=\[\e]0;\u@\h: \w\a\]${debian_chroot:+($debian_chroot)}\[\033[01;32m\]\u@\h\[\033[00m\]:\[\033[01;34m\]\w\[\033[00m\]\$ /usr/bin/cmake /home/ubuntu/IsaacSim-ros_workspaces/humble_ws/src/isaacsim -DCMAKE_INSTALL_PREFIX=/home/ubuntu/IsaacSim-ros_workspaces/humble_ws/src/install/isaacsim
[1.731s] Invoking command in '/home/ubuntu/IsaacSim-ros_workspaces/humble_ws/src/build/isaacsim': CMAKE_PREFIX_PATH=/home/ubuntu/warehouse-automation-001/install/warehouse_msgs:/home/ubuntu/warehouse-automation-001/install/order_system:/home/ubuntu/warehouse-automation-001/install/orchestrator:/home/ubuntu/warehouse-automation-001/install/hello_world_pkgs:/home/ubuntu/warehouse-automation-001/install/cuopt_bridge:/home/ubuntu/warehouse-automation-001/install/amr_description:/opt/ros/humble PS1=\[\e]0;\u@\h: \w\a\]${debian_chroot:+($debian_chroot)}\[\033[01;32m\]\u@\h\[\033[00m\]:\[\033[01;34m\]\w\[\033[00m\]\$ /usr/bin/cmake --build /home/ubuntu/IsaacSim-ros_workspaces/humble_ws/src/build/isaacsim -- -j16 -l16
[1.790s] Invoked command in '/home/ubuntu/IsaacSim-ros_workspaces/humble_ws/src/build/isaacsim' returned '0': CMAKE_PREFIX_PATH=/home/ubuntu/warehouse-automation-001/install/warehouse_msgs:/home/ubuntu/warehouse-automation-001/install/order_system:/home/ubuntu/warehouse-automation-001/install/orchestrator:/home/ubuntu/warehouse-automation-001/install/hello_world_pkgs:/home/ubuntu/warehouse-automation-001/install/cuopt_bridge:/home/ubuntu/warehouse-automation-001/install/amr_description:/opt/ros/humble PS1=\[\e]0;\u@\h: \w\a\]${debian_chroot:+($debian_chroot)}\[\033[01;32m\]\u@\h\[\033[00m\]:\[\033[01;34m\]\w\[\033[00m\]\$ /usr/bin/cmake --build /home/ubuntu/IsaacSim-ros_workspaces/humble_ws/src/build/isaacsim -- -j16 -l16
[1.792s] Invoking command in '/home/ubuntu/IsaacSim-ros_workspaces/humble_ws/src/build/isaacsim': CMAKE_PREFIX_PATH=/home/ubuntu/warehouse-automation-001/install/warehouse_msgs:/home/ubuntu/warehouse-automation-001/install/order_system:/home/ubuntu/warehouse-automation-001/install/orchestrator:/home/ubuntu/warehouse-automation-001/install/hello_world_pkgs:/home/ubuntu/warehouse-automation-001/install/cuopt_bridge:/home/ubuntu/warehouse-automation-001/install/amr_description:/opt/ros/humble PS1=\[\e]0;\u@\h: \w\a\]${debian_chroot:+($debian_chroot)}\[\033[01;32m\]\u@\h\[\033[00m\]:\[\033[01;34m\]\w\[\033[00m\]\$ /usr/bin/cmake --install /home/ubuntu/IsaacSim-ros_workspaces/humble_ws/src/build/isaacsim
[1.803s] -- Install configuration: ""
[1.803s] -- Installing: /home/ubuntu/IsaacSim-ros_workspaces/humble_ws/src/install/isaacsim/share/isaacsim/scripts
[1.803s] -- Installing: /home/ubuntu/IsaacSim-ros_workspaces/humble_ws/src/install/isaacsim/share/isaacsim/scripts/run_isaacsim.py
[1.803s] -- Installing: /home/ubuntu/IsaacSim-ros_workspaces/humble_ws/src/install/isaacsim/share/isaacsim/scripts/open_isaacsim_stage.py
[1.804s] -- Installing: /home/ubuntu/IsaacSim-ros_workspaces/humble_ws/src/install/isaacsim/share/isaacsim/launch
[1.808s] -- Installing: /home/ubuntu/IsaacSim-ros_workspaces/humble_ws/src/install/isaacsim/share/isaacsim/launch/run_isaacsim.launch.py
[1.810s] -- Installing: /home/ubuntu/IsaacSim-ros_workspaces/humble_ws/src/install/isaacsim/lib/isaacsim/run_isaacsim.py
[1.812s] -- Installing: /home/ubuntu/IsaacSim-ros_workspaces/humble_ws/src/install/isaacsim/lib/isaacsim/open_isaacsim_stage.py
[1.812s] -- Installing: /home/ubuntu/IsaacSim-ros_workspaces/humble_ws/src/install/isaacsim/share/ament_index/resource_index/package_run_dependencies/isaacsim
[1.814s] -- Installing: /home/ubuntu/IsaacSim-ros_workspaces/humble_ws/src/install/isaacsim/share/ament_index/resource_index/parent_prefix_path/isaacsim
[1.817s] -- Installing: /home/ubuntu/IsaacSim-ros_workspaces/humble_ws/src/install/isaacsim/share/isaacsim/environment/ament_prefix_path.sh
[1.818s] -- Installing: /home/ubuntu/IsaacSim-ros_workspaces/humble_ws/src/install/isaacsim/share/isaacsim/environment/ament_prefix_path.dsv
[1.818s] -- Installing: /home/ubuntu/IsaacSim-ros_workspaces/humble_ws/src/install/isaacsim/share/isaacsim/environment/path.sh
[1.819s] -- Installing: /home/ubuntu/IsaacSim-ros_workspaces/humble_ws/src/install/isaacsim/share/isaacsim/environment/path.dsv
[1.823s] -- Installing: /home/ubuntu/IsaacSim-ros_workspaces/humble_ws/src/install/isaacsim/share/isaacsim/local_setup.bash
[1.823s] -- Installing: /home/ubuntu/IsaacSim-ros_workspaces/humble_ws/src/install/isaacsim/share/isaacsim/local_setup.sh
[1.824s] -- Installing: /home/ubuntu/IsaacSim-ros_workspaces/humble_ws/src/install/isaacsim/share/isaacsim/local_setup.zsh
[1.824s] -- Installing: /home/ubuntu/IsaacSim-ros_workspaces/humble_ws/src/install/isaacsim/share/isaacsim/local_setup.dsv
[1.824s] -- Installing: /home/ubuntu/IsaacSim-ros_workspaces/humble_ws/src/install/isaacsim/share/isaacsim/package.dsv
[1.825s] -- Installing: /home/ubuntu/IsaacSim-ros_workspaces/humble_ws/src/install/isaacsim/share/ament_index/resource_index/packages/isaacsim
[1.827s] -- Installing: /home/ubuntu/IsaacSim-ros_workspaces/humble_ws/src/install/isaacsim/share/isaacsim/cmake/isaacsimConfig.cmake
[1.828s] -- Installing: /home/ubuntu/IsaacSim-ros_workspaces/humble_ws/src/install/isaacsim/share/isaacsim/cmake/isaacsimConfig-version.cmake
[1.829s] -- Installing: /home/ubuntu/IsaacSim-ros_workspaces/humble_ws/src/install/isaacsim/share/isaacsim/package.xml
[1.847s] Invoked command in '/home/ubuntu/IsaacSim-ros_workspaces/humble_ws/src/build/isaacsim' returned '0': CMAKE_PREFIX_PATH=/home/ubuntu/warehouse-automation-001/install/warehouse_msgs:/home/ubuntu/warehouse-automation-001/install/order_system:/home/ubuntu/warehouse-automation-001/install/orchestrator:/home/ubuntu/warehouse-automation-001/install/hello_world_pkgs:/home/ubuntu/warehouse-automation-001/install/cuopt_bridge:/home/ubuntu/warehouse-automation-001/install/amr_description:/opt/ros/humble PS1=\[\e]0;\u@\h: \w\a\]${debian_chroot:+($debian_chroot)}\[\033[01;32m\]\u@\h\[\033[00m\]:\[\033[01;34m\]\w\[\033[00m\]\$ /usr/bin/cmake --install /home/ubuntu/IsaacSim-ros_workspaces/humble_ws/src/build/isaacsim
