[0.012s] Invoking command in '/home/ubuntu/IsaacSim-ros_workspaces/humble_ws/src/build/moveit_resources_panda_moveit_config': AMENT_PREFIX_PATH=/home/ubuntu/IsaacSim-ros_workspaces/humble_ws/src/install/moveit_resources_panda_description:${AMENT_PREFIX_PATH} CMAKE_PREFIX_PATH=/home/ubuntu/IsaacSim-ros_workspaces/humble_ws/src/install/moveit_resources_panda_description:/home/ubuntu/warehouse-automation-001/install/warehouse_msgs:/home/ubuntu/warehouse-automation-001/install/order_system:/home/ubuntu/warehouse-automation-001/install/orchestrator:/home/ubuntu/warehouse-automation-001/install/hello_world_pkgs:/home/ubuntu/warehouse-automation-001/install/cuopt_bridge:/home/ubuntu/warehouse-automation-001/install/amr_description:/opt/ros/humble PS1=\[\e]0;\u@\h: \w\a\]${debian_chroot:+($debian_chroot)}\[\033[01;32m\]\u@\h\[\033[00m\]:\[\033[01;34m\]\w\[\033[00m\]\$ /usr/bin/cmake /home/ubuntu/IsaacSim-ros_workspaces/humble_ws/src/moveit/moveit_resources/panda_moveit_config -DCMAKE_INSTALL_PREFIX=/home/ubuntu/IsaacSim-ros_workspaces/humble_ws/src/install/moveit_resources_panda_moveit_config
[0.086s] -- The C compiler identification is GNU 11.4.0
[0.150s] -- The CXX compiler identification is GNU 11.4.0
[0.160s] -- Detecting C compiler ABI info
[0.242s] -- Detecting C compiler ABI info - done
[0.251s] -- Check for working C compiler: /usr/bin/cc - skipped
[0.251s] -- Detecting C compile features
[0.251s] -- Detecting C compile features - done
[0.255s] -- Detecting CXX compiler ABI info
[0.352s] -- Detecting CXX compiler ABI info - done
[0.361s] -- Check for working CXX compiler: /usr/bin/c++ - skipped
[0.362s] -- Detecting CXX compile features
[0.362s] -- Detecting CXX compile features - done
[0.367s] -- Found ament_cmake: 1.3.13 (/opt/ros/humble/share/ament_cmake/cmake)
[0.812s] -- Found Python3: /usr/local/bin/python3 (found version "3.10.12") found components: Interpreter 
[1.020s] -- Configuring done
[1.023s] -- Generating done
[1.025s] -- Build files have been written to: /home/ubuntu/IsaacSim-ros_workspaces/humble_ws/src/build/moveit_resources_panda_moveit_config
[1.030s] Invoked command in '/home/ubuntu/IsaacSim-ros_workspaces/humble_ws/src/build/moveit_resources_panda_moveit_config' returned '0': AMENT_PREFIX_PATH=/home/ubuntu/IsaacSim-ros_workspaces/humble_ws/src/install/moveit_resources_panda_description:${AMENT_PREFIX_PATH} CMAKE_PREFIX_PATH=/home/ubuntu/IsaacSim-ros_workspaces/humble_ws/src/install/moveit_resources_panda_description:/home/ubuntu/warehouse-automation-001/install/warehouse_msgs:/home/ubuntu/warehouse-automation-001/install/order_system:/home/ubuntu/warehouse-automation-001/install/orchestrator:/home/ubuntu/warehouse-automation-001/install/hello_world_pkgs:/home/ubuntu/warehouse-automation-001/install/cuopt_bridge:/home/ubuntu/warehouse-automation-001/install/amr_description:/opt/ros/humble PS1=\[\e]0;\u@\h: \w\a\]${debian_chroot:+($debian_chroot)}\[\033[01;32m\]\u@\h\[\033[00m\]:\[\033[01;34m\]\w\[\033[00m\]\$ /usr/bin/cmake /home/ubuntu/IsaacSim-ros_workspaces/humble_ws/src/moveit/moveit_resources/panda_moveit_config -DCMAKE_INSTALL_PREFIX=/home/ubuntu/IsaacSim-ros_workspaces/humble_ws/src/install/moveit_resources_panda_moveit_config
[1.032s] Invoking command in '/home/ubuntu/IsaacSim-ros_workspaces/humble_ws/src/build/moveit_resources_panda_moveit_config': AMENT_PREFIX_PATH=/home/ubuntu/IsaacSim-ros_workspaces/humble_ws/src/install/moveit_resources_panda_description:${AMENT_PREFIX_PATH} CMAKE_PREFIX_PATH=/home/ubuntu/IsaacSim-ros_workspaces/humble_ws/src/install/moveit_resources_panda_description:/home/ubuntu/warehouse-automation-001/install/warehouse_msgs:/home/ubuntu/warehouse-automation-001/install/order_system:/home/ubuntu/warehouse-automation-001/install/orchestrator:/home/ubuntu/warehouse-automation-001/install/hello_world_pkgs:/home/ubuntu/warehouse-automation-001/install/cuopt_bridge:/home/ubuntu/warehouse-automation-001/install/amr_description:/opt/ros/humble PS1=\[\e]0;\u@\h: \w\a\]${debian_chroot:+($debian_chroot)}\[\033[01;32m\]\u@\h\[\033[00m\]:\[\033[01;34m\]\w\[\033[00m\]\$ /usr/bin/cmake --build /home/ubuntu/IsaacSim-ros_workspaces/humble_ws/src/build/moveit_resources_panda_moveit_config -- -j16 -l16
[1.080s] Invoked command in '/home/ubuntu/IsaacSim-ros_workspaces/humble_ws/src/build/moveit_resources_panda_moveit_config' returned '0': AMENT_PREFIX_PATH=/home/ubuntu/IsaacSim-ros_workspaces/humble_ws/src/install/moveit_resources_panda_description:${AMENT_PREFIX_PATH} CMAKE_PREFIX_PATH=/home/ubuntu/IsaacSim-ros_workspaces/humble_ws/src/install/moveit_resources_panda_description:/home/ubuntu/warehouse-automation-001/install/warehouse_msgs:/home/ubuntu/warehouse-automation-001/install/order_system:/home/ubuntu/warehouse-automation-001/install/orchestrator:/home/ubuntu/warehouse-automation-001/install/hello_world_pkgs:/home/ubuntu/warehouse-automation-001/install/cuopt_bridge:/home/ubuntu/warehouse-automation-001/install/amr_description:/opt/ros/humble PS1=\[\e]0;\u@\h: \w\a\]${debian_chroot:+($debian_chroot)}\[\033[01;32m\]\u@\h\[\033[00m\]:\[\033[01;34m\]\w\[\033[00m\]\$ /usr/bin/cmake --build /home/ubuntu/IsaacSim-ros_workspaces/humble_ws/src/build/moveit_resources_panda_moveit_config -- -j16 -l16
[1.082s] Invoking command in '/home/ubuntu/IsaacSim-ros_workspaces/humble_ws/src/build/moveit_resources_panda_moveit_config': AMENT_PREFIX_PATH=/home/ubuntu/IsaacSim-ros_workspaces/humble_ws/src/install/moveit_resources_panda_description:${AMENT_PREFIX_PATH} CMAKE_PREFIX_PATH=/home/ubuntu/IsaacSim-ros_workspaces/humble_ws/src/install/moveit_resources_panda_description:/home/ubuntu/warehouse-automation-001/install/warehouse_msgs:/home/ubuntu/warehouse-automation-001/install/order_system:/home/ubuntu/warehouse-automation-001/install/orchestrator:/home/ubuntu/warehouse-automation-001/install/hello_world_pkgs:/home/ubuntu/warehouse-automation-001/install/cuopt_bridge:/home/ubuntu/warehouse-automation-001/install/amr_description:/opt/ros/humble PS1=\[\e]0;\u@\h: \w\a\]${debian_chroot:+($debian_chroot)}\[\033[01;32m\]\u@\h\[\033[00m\]:\[\033[01;34m\]\w\[\033[00m\]\$ /usr/bin/cmake --install /home/ubuntu/IsaacSim-ros_workspaces/humble_ws/src/build/moveit_resources_panda_moveit_config
[1.090s] -- Install configuration: ""
[1.090s] -- Installing: /home/ubuntu/IsaacSim-ros_workspaces/humble_ws/src/install/moveit_resources_panda_moveit_config/share/ament_index/resource_index/package_run_dependencies/moveit_resources_panda_moveit_config
[1.090s] -- Installing: /home/ubuntu/IsaacSim-ros_workspaces/humble_ws/src/install/moveit_resources_panda_moveit_config/share/ament_index/resource_index/parent_prefix_path/moveit_resources_panda_moveit_config
[1.091s] -- Installing: /home/ubuntu/IsaacSim-ros_workspaces/humble_ws/src/install/moveit_resources_panda_moveit_config/share/moveit_resources_panda_moveit_config/environment/ament_prefix_path.sh
[1.091s] -- Installing: /home/ubuntu/IsaacSim-ros_workspaces/humble_ws/src/install/moveit_resources_panda_moveit_config/share/moveit_resources_panda_moveit_config/environment/ament_prefix_path.dsv
[1.091s] -- Installing: /home/ubuntu/IsaacSim-ros_workspaces/humble_ws/src/install/moveit_resources_panda_moveit_config/share/moveit_resources_panda_moveit_config/environment/path.sh
[1.091s] -- Installing: /home/ubuntu/IsaacSim-ros_workspaces/humble_ws/src/install/moveit_resources_panda_moveit_config/share/moveit_resources_panda_moveit_config/environment/path.dsv
[1.091s] -- Installing: /home/ubuntu/IsaacSim-ros_workspaces/humble_ws/src/install/moveit_resources_panda_moveit_config/share/moveit_resources_panda_moveit_config/local_setup.bash
[1.092s] -- Installing: /home/ubuntu/IsaacSim-ros_workspaces/humble_ws/src/install/moveit_resources_panda_moveit_config/share/moveit_resources_panda_moveit_config/local_setup.sh
[1.092s] -- Installing: /home/ubuntu/IsaacSim-ros_workspaces/humble_ws/src/install/moveit_resources_panda_moveit_config/share/moveit_resources_panda_moveit_config/local_setup.zsh
[1.092s] -- Installing: /home/ubuntu/IsaacSim-ros_workspaces/humble_ws/src/install/moveit_resources_panda_moveit_config/share/moveit_resources_panda_moveit_config/local_setup.dsv
[1.092s] -- Installing: /home/ubuntu/IsaacSim-ros_workspaces/humble_ws/src/install/moveit_resources_panda_moveit_config/share/moveit_resources_panda_moveit_config/package.dsv
[1.093s] -- Installing: /home/ubuntu/IsaacSim-ros_workspaces/humble_ws/src/install/moveit_resources_panda_moveit_config/share/ament_index/resource_index/packages/moveit_resources_panda_moveit_config
[1.093s] -- Installing: /home/ubuntu/IsaacSim-ros_workspaces/humble_ws/src/install/moveit_resources_panda_moveit_config/share/moveit_resources_panda_moveit_config/cmake/moveit_resources_panda_moveit_configConfig.cmake
[1.093s] -- Installing: /home/ubuntu/IsaacSim-ros_workspaces/humble_ws/src/install/moveit_resources_panda_moveit_config/share/moveit_resources_panda_moveit_config/cmake/moveit_resources_panda_moveit_configConfig-version.cmake
[1.093s] -- Installing: /home/ubuntu/IsaacSim-ros_workspaces/humble_ws/src/install/moveit_resources_panda_moveit_config/share/moveit_resources_panda_moveit_config/package.xml
[1.093s] -- Installing: /home/ubuntu/IsaacSim-ros_workspaces/humble_ws/src/install/moveit_resources_panda_moveit_config/share/moveit_resources_panda_moveit_config/launch
[1.094s] -- Installing: /home/ubuntu/IsaacSim-ros_workspaces/humble_ws/src/install/moveit_resources_panda_moveit_config/share/moveit_resources_panda_moveit_config/launch/demo.launch.py
[1.094s] -- Installing: /home/ubuntu/IsaacSim-ros_workspaces/humble_ws/src/install/moveit_resources_panda_moveit_config/share/moveit_resources_panda_moveit_config/launch/moveit.rviz
[1.095s] -- Installing: /home/ubuntu/IsaacSim-ros_workspaces/humble_ws/src/install/moveit_resources_panda_moveit_config/share/moveit_resources_panda_moveit_config/launch/moveit_empty.rviz
[1.096s] -- Installing: /home/ubuntu/IsaacSim-ros_workspaces/humble_ws/src/install/moveit_resources_panda_moveit_config/share/moveit_resources_panda_moveit_config/launch/moveit_rviz.launch.py
[1.096s] -- Installing: /home/ubuntu/IsaacSim-ros_workspaces/humble_ws/src/install/moveit_resources_panda_moveit_config/share/moveit_resources_panda_moveit_config/config
[1.097s] -- Installing: /home/ubuntu/IsaacSim-ros_workspaces/humble_ws/src/install/moveit_resources_panda_moveit_config/share/moveit_resources_panda_moveit_config/config/initial_positions.yaml
[1.097s] -- Installing: /home/ubuntu/IsaacSim-ros_workspaces/humble_ws/src/install/moveit_resources_panda_moveit_config/share/moveit_resources_panda_moveit_config/config/panda_arm.srdf.xacro
[1.098s] -- Installing: /home/ubuntu/IsaacSim-ros_workspaces/humble_ws/src/install/moveit_resources_panda_moveit_config/share/moveit_resources_panda_moveit_config/config/sensors_kinect_depthmap.yaml
[1.099s] -- Installing: /home/ubuntu/IsaacSim-ros_workspaces/humble_ws/src/install/moveit_resources_panda_moveit_config/share/moveit_resources_panda_moveit_config/config/panda.ros2_control.xacro
[1.100s] -- Installing: /home/ubuntu/IsaacSim-ros_workspaces/humble_ws/src/install/moveit_resources_panda_moveit_config/share/moveit_resources_panda_moveit_config/config/panda_hand.ros2_control.xacro
[1.101s] -- Installing: /home/ubuntu/IsaacSim-ros_workspaces/humble_ws/src/install/moveit_resources_panda_moveit_config/share/moveit_resources_panda_moveit_config/config/sensors_kinect_pointcloud.yaml
[1.102s] -- Installing: /home/ubuntu/IsaacSim-ros_workspaces/humble_ws/src/install/moveit_resources_panda_moveit_config/share/moveit_resources_panda_moveit_config/config/pilz_cartesian_limits.yaml
[1.103s] -- Installing: /home/ubuntu/IsaacSim-ros_workspaces/humble_ws/src/install/moveit_resources_panda_moveit_config/share/moveit_resources_panda_moveit_config/config/panda.srdf
[1.103s] -- Installing: /home/ubuntu/IsaacSim-ros_workspaces/humble_ws/src/install/moveit_resources_panda_moveit_config/share/moveit_resources_panda_moveit_config/config/joint_limits.yaml
[1.104s] -- Installing: /home/ubuntu/IsaacSim-ros_workspaces/humble_ws/src/install/moveit_resources_panda_moveit_config/share/moveit_resources_panda_moveit_config/config/panda_arm.xacro
[1.105s] -- Installing: /home/ubuntu/IsaacSim-ros_workspaces/humble_ws/src/install/moveit_resources_panda_moveit_config/share/moveit_resources_panda_moveit_config/config/panda.urdf.xacro
[1.105s] -- Installing: /home/ubuntu/IsaacSim-ros_workspaces/humble_ws/src/install/moveit_resources_panda_moveit_config/share/moveit_resources_panda_moveit_config/config/pilz_industrial_motion_planner_planning.yaml
[1.106s] -- Installing: /home/ubuntu/IsaacSim-ros_workspaces/humble_ws/src/install/moveit_resources_panda_moveit_config/share/moveit_resources_panda_moveit_config/config/trajopt_planning.yaml
[1.107s] -- Installing: /home/ubuntu/IsaacSim-ros_workspaces/humble_ws/src/install/moveit_resources_panda_moveit_config/share/moveit_resources_panda_moveit_config/config/ros2_controllers.yaml
[1.107s] -- Installing: /home/ubuntu/IsaacSim-ros_workspaces/humble_ws/src/install/moveit_resources_panda_moveit_config/share/moveit_resources_panda_moveit_config/config/hand.xacro
[1.108s] -- Installing: /home/ubuntu/IsaacSim-ros_workspaces/humble_ws/src/install/moveit_resources_panda_moveit_config/share/moveit_resources_panda_moveit_config/config/panda_arm_hand.srdf.xacro
[1.109s] -- Installing: /home/ubuntu/IsaacSim-ros_workspaces/humble_ws/src/install/moveit_resources_panda_moveit_config/share/moveit_resources_panda_moveit_config/config/ompl_planning.yaml
[1.110s] -- Installing: /home/ubuntu/IsaacSim-ros_workspaces/humble_ws/src/install/moveit_resources_panda_moveit_config/share/moveit_resources_panda_moveit_config/config/lerp_planning.yaml
[1.110s] -- Installing: /home/ubuntu/IsaacSim-ros_workspaces/humble_ws/src/install/moveit_resources_panda_moveit_config/share/moveit_resources_panda_moveit_config/config/chomp_planning.yaml
[1.111s] -- Installing: /home/ubuntu/IsaacSim-ros_workspaces/humble_ws/src/install/moveit_resources_panda_moveit_config/share/moveit_resources_panda_moveit_config/config/moveit_controllers.yaml
[1.112s] -- Installing: /home/ubuntu/IsaacSim-ros_workspaces/humble_ws/src/install/moveit_resources_panda_moveit_config/share/moveit_resources_panda_moveit_config/config/kinematics.yaml
[1.112s] -- Installing: /home/ubuntu/IsaacSim-ros_workspaces/humble_ws/src/install/moveit_resources_panda_moveit_config/share/moveit_resources_panda_moveit_config/config/gripper_moveit_controllers.yaml
[1.113s] -- Installing: /home/ubuntu/IsaacSim-ros_workspaces/humble_ws/src/install/moveit_resources_panda_moveit_config/share/moveit_resources_panda_moveit_config/.setup_assistant
[1.116s] Invoked command in '/home/ubuntu/IsaacSim-ros_workspaces/humble_ws/src/build/moveit_resources_panda_moveit_config' returned '0': AMENT_PREFIX_PATH=/home/ubuntu/IsaacSim-ros_workspaces/humble_ws/src/install/moveit_resources_panda_description:${AMENT_PREFIX_PATH} CMAKE_PREFIX_PATH=/home/ubuntu/IsaacSim-ros_workspaces/humble_ws/src/install/moveit_resources_panda_description:/home/ubuntu/warehouse-automation-001/install/warehouse_msgs:/home/ubuntu/warehouse-automation-001/install/order_system:/home/ubuntu/warehouse-automation-001/install/orchestrator:/home/ubuntu/warehouse-automation-001/install/hello_world_pkgs:/home/ubuntu/warehouse-automation-001/install/cuopt_bridge:/home/ubuntu/warehouse-automation-001/install/amr_description:/opt/ros/humble PS1=\[\e]0;\u@\h: \w\a\]${debian_chroot:+($debian_chroot)}\[\033[01;32m\]\u@\h\[\033[00m\]:\[\033[01;34m\]\w\[\033[00m\]\$ /usr/bin/cmake --install /home/ubuntu/IsaacSim-ros_workspaces/humble_ws/src/build/moveit_resources_panda_moveit_config
