[0.289s] Invoking command in '/home/ubuntu/IsaacSim-ros_workspaces/humble_ws/src/build/isaac_tutorials': CMAKE_PREFIX_PATH=/home/ubuntu/warehouse-automation-001/install/warehouse_msgs:/home/ubuntu/warehouse-automation-001/install/order_system:/home/ubuntu/warehouse-automation-001/install/orchestrator:/home/ubuntu/warehouse-automation-001/install/hello_world_pkgs:/home/ubuntu/warehouse-automation-001/install/cuopt_bridge:/home/ubuntu/warehouse-automation-001/install/amr_description:/opt/ros/humble PS1=\[\e]0;\u@\h: \w\a\]${debian_chroot:+($debian_chroot)}\[\033[01;32m\]\u@\h\[\033[00m\]:\[\033[01;34m\]\w\[\033[00m\]\$ /usr/bin/cmake /home/ubuntu/IsaacSim-ros_workspaces/humble_ws/src/isaac_tutorials -DCMAKE_INSTALL_PREFIX=/home/ubuntu/IsaacSim-ros_workspaces/humble_ws/src/install/isaac_tutorials
[0.355s] -- The C compiler identification is GNU 11.4.0
[0.440s] -- The CXX compiler identification is GNU 11.4.0
[0.449s] -- Detecting C compiler ABI info
[0.554s] -- Detecting C compiler ABI info - done
[0.564s] -- Check for working C compiler: /usr/bin/cc - skipped
[0.566s] -- Detecting C compile features
[0.569s] -- Detecting C compile features - done
[0.574s] -- Detecting CXX compiler ABI info
[0.707s] -- Detecting CXX compiler ABI info - done
[0.721s] -- Check for working CXX compiler: /usr/bin/c++ - skipped
[0.721s] -- Detecting CXX compile features
[0.721s] -- Detecting CXX compile features - done
[0.725s] -- Found ament_cmake: 1.3.13 (/opt/ros/humble/share/ament_cmake/cmake)
[1.371s] -- Found Python3: /usr/local/bin/python3 (found version "3.10.12") found components: Interpreter 
[1.569s] -- Found rclpy: 3.3.19 (/opt/ros/humble/share/rclpy/cmake)
[1.691s] -- Configuring done
[1.695s] -- Generating done
[1.700s] -- Build files have been written to: /home/ubuntu/IsaacSim-ros_workspaces/humble_ws/src/build/isaac_tutorials
[1.733s] Invoked command in '/home/ubuntu/IsaacSim-ros_workspaces/humble_ws/src/build/isaac_tutorials' returned '0': CMAKE_PREFIX_PATH=/home/ubuntu/warehouse-automation-001/install/warehouse_msgs:/home/ubuntu/warehouse-automation-001/install/order_system:/home/ubuntu/warehouse-automation-001/install/orchestrator:/home/ubuntu/warehouse-automation-001/install/hello_world_pkgs:/home/ubuntu/warehouse-automation-001/install/cuopt_bridge:/home/ubuntu/warehouse-automation-001/install/amr_description:/opt/ros/humble PS1=\[\e]0;\u@\h: \w\a\]${debian_chroot:+($debian_chroot)}\[\033[01;32m\]\u@\h\[\033[00m\]:\[\033[01;34m\]\w\[\033[00m\]\$ /usr/bin/cmake /home/ubuntu/IsaacSim-ros_workspaces/humble_ws/src/isaac_tutorials -DCMAKE_INSTALL_PREFIX=/home/ubuntu/IsaacSim-ros_workspaces/humble_ws/src/install/isaac_tutorials
[1.733s] Invoking command in '/home/ubuntu/IsaacSim-ros_workspaces/humble_ws/src/build/isaac_tutorials': CMAKE_PREFIX_PATH=/home/ubuntu/warehouse-automation-001/install/warehouse_msgs:/home/ubuntu/warehouse-automation-001/install/order_system:/home/ubuntu/warehouse-automation-001/install/orchestrator:/home/ubuntu/warehouse-automation-001/install/hello_world_pkgs:/home/ubuntu/warehouse-automation-001/install/cuopt_bridge:/home/ubuntu/warehouse-automation-001/install/amr_description:/opt/ros/humble PS1=\[\e]0;\u@\h: \w\a\]${debian_chroot:+($debian_chroot)}\[\033[01;32m\]\u@\h\[\033[00m\]:\[\033[01;34m\]\w\[\033[00m\]\$ /usr/bin/cmake --build /home/ubuntu/IsaacSim-ros_workspaces/humble_ws/src/build/isaac_tutorials -- -j16 -l16
[1.787s] Invoked command in '/home/ubuntu/IsaacSim-ros_workspaces/humble_ws/src/build/isaac_tutorials' returned '0': CMAKE_PREFIX_PATH=/home/ubuntu/warehouse-automation-001/install/warehouse_msgs:/home/ubuntu/warehouse-automation-001/install/order_system:/home/ubuntu/warehouse-automation-001/install/orchestrator:/home/ubuntu/warehouse-automation-001/install/hello_world_pkgs:/home/ubuntu/warehouse-automation-001/install/cuopt_bridge:/home/ubuntu/warehouse-automation-001/install/amr_description:/opt/ros/humble PS1=\[\e]0;\u@\h: \w\a\]${debian_chroot:+($debian_chroot)}\[\033[01;32m\]\u@\h\[\033[00m\]:\[\033[01;34m\]\w\[\033[00m\]\$ /usr/bin/cmake --build /home/ubuntu/IsaacSim-ros_workspaces/humble_ws/src/build/isaac_tutorials -- -j16 -l16
[1.789s] Invoking command in '/home/ubuntu/IsaacSim-ros_workspaces/humble_ws/src/build/isaac_tutorials': CMAKE_PREFIX_PATH=/home/ubuntu/warehouse-automation-001/install/warehouse_msgs:/home/ubuntu/warehouse-automation-001/install/order_system:/home/ubuntu/warehouse-automation-001/install/orchestrator:/home/ubuntu/warehouse-automation-001/install/hello_world_pkgs:/home/ubuntu/warehouse-automation-001/install/cuopt_bridge:/home/ubuntu/warehouse-automation-001/install/amr_description:/opt/ros/humble PS1=\[\e]0;\u@\h: \w\a\]${debian_chroot:+($debian_chroot)}\[\033[01;32m\]\u@\h\[\033[00m\]:\[\033[01;34m\]\w\[\033[00m\]\$ /usr/bin/cmake --install /home/ubuntu/IsaacSim-ros_workspaces/humble_ws/src/build/isaac_tutorials
[1.800s] -- Install configuration: ""
[1.800s] -- Installing: /home/ubuntu/IsaacSim-ros_workspaces/humble_ws/src/install/isaac_tutorials/share/isaac_tutorials/rviz2
[1.801s] -- Installing: /home/ubuntu/IsaacSim-ros_workspaces/humble_ws/src/install/isaac_tutorials/share/isaac_tutorials/rviz2/carter_stereo.rviz
[1.802s] -- Installing: /home/ubuntu/IsaacSim-ros_workspaces/humble_ws/src/install/isaac_tutorials/share/isaac_tutorials/rviz2/rtx_lidar.rviz
[1.802s] -- Installing: /home/ubuntu/IsaacSim-ros_workspaces/humble_ws/src/install/isaac_tutorials/share/isaac_tutorials/rviz2/camera_lidar.rviz
[1.804s] -- Installing: /home/ubuntu/IsaacSim-ros_workspaces/humble_ws/src/install/isaac_tutorials/share/isaac_tutorials/rviz2/camera_manual.rviz
[1.804s] -- Installing: /home/ubuntu/IsaacSim-ros_workspaces/humble_ws/src/install/isaac_tutorials/share/isaac_tutorials/rviz2/turtle_stereo.rviz
[1.806s] -- Installing: /home/ubuntu/IsaacSim-ros_workspaces/humble_ws/src/install/isaac_tutorials/share/isaac_tutorials/scripts
[1.806s] -- Installing: /home/ubuntu/IsaacSim-ros_workspaces/humble_ws/src/install/isaac_tutorials/share/isaac_tutorials/scripts/ros2_publisher.py
[1.807s] -- Installing: /home/ubuntu/IsaacSim-ros_workspaces/humble_ws/src/install/isaac_tutorials/share/isaac_tutorials/scripts/ros2_ackermann_publisher.py
[1.808s] -- Installing: /home/ubuntu/IsaacSim-ros_workspaces/humble_ws/src/install/isaac_tutorials/share/isaac_tutorials/scripts/ros2_object_id_subscriber.py
[1.808s] -- Installing: /home/ubuntu/IsaacSim-ros_workspaces/humble_ws/src/install/isaac_tutorials/lib/isaac_tutorials/ros2_publisher.py
[1.808s] -- Installing: /home/ubuntu/IsaacSim-ros_workspaces/humble_ws/src/install/isaac_tutorials/lib/isaac_tutorials/ros2_ackermann_publisher.py
[1.808s] -- Installing: /home/ubuntu/IsaacSim-ros_workspaces/humble_ws/src/install/isaac_tutorials/lib/isaac_tutorials/ros2_object_id_subscriber.py
[1.814s] -- Installing: /home/ubuntu/IsaacSim-ros_workspaces/humble_ws/src/install/isaac_tutorials/share/ament_index/resource_index/package_run_dependencies/isaac_tutorials
[1.819s] -- Installing: /home/ubuntu/IsaacSim-ros_workspaces/humble_ws/src/install/isaac_tutorials/share/ament_index/resource_index/parent_prefix_path/isaac_tutorials
[1.820s] -- Installing: /home/ubuntu/IsaacSim-ros_workspaces/humble_ws/src/install/isaac_tutorials/share/isaac_tutorials/environment/ament_prefix_path.sh
[1.820s] -- Installing: /home/ubuntu/IsaacSim-ros_workspaces/humble_ws/src/install/isaac_tutorials/share/isaac_tutorials/environment/ament_prefix_path.dsv
[1.820s] -- Installing: /home/ubuntu/IsaacSim-ros_workspaces/humble_ws/src/install/isaac_tutorials/share/isaac_tutorials/environment/path.sh
[1.820s] -- Installing: /home/ubuntu/IsaacSim-ros_workspaces/humble_ws/src/install/isaac_tutorials/share/isaac_tutorials/environment/path.dsv
[1.820s] -- Installing: /home/ubuntu/IsaacSim-ros_workspaces/humble_ws/src/install/isaac_tutorials/share/isaac_tutorials/local_setup.bash
[1.820s] -- Installing: /home/ubuntu/IsaacSim-ros_workspaces/humble_ws/src/install/isaac_tutorials/share/isaac_tutorials/local_setup.sh
[1.820s] -- Installing: /home/ubuntu/IsaacSim-ros_workspaces/humble_ws/src/install/isaac_tutorials/share/isaac_tutorials/local_setup.zsh
[1.821s] -- Installing: /home/ubuntu/IsaacSim-ros_workspaces/humble_ws/src/install/isaac_tutorials/share/isaac_tutorials/local_setup.dsv
[1.821s] -- Installing: /home/ubuntu/IsaacSim-ros_workspaces/humble_ws/src/install/isaac_tutorials/share/isaac_tutorials/package.dsv
[1.821s] -- Installing: /home/ubuntu/IsaacSim-ros_workspaces/humble_ws/src/install/isaac_tutorials/share/ament_index/resource_index/packages/isaac_tutorials
[1.821s] -- Installing: /home/ubuntu/IsaacSim-ros_workspaces/humble_ws/src/install/isaac_tutorials/share/isaac_tutorials/cmake/isaac_tutorialsConfig.cmake
[1.821s] -- Installing: /home/ubuntu/IsaacSim-ros_workspaces/humble_ws/src/install/isaac_tutorials/share/isaac_tutorials/cmake/isaac_tutorialsConfig-version.cmake
[1.822s] -- Installing: /home/ubuntu/IsaacSim-ros_workspaces/humble_ws/src/install/isaac_tutorials/share/isaac_tutorials/package.xml
[1.880s] Invoked command in '/home/ubuntu/IsaacSim-ros_workspaces/humble_ws/src/build/isaac_tutorials' returned '0': CMAKE_PREFIX_PATH=/home/ubuntu/warehouse-automation-001/install/warehouse_msgs:/home/ubuntu/warehouse-automation-001/install/order_system:/home/ubuntu/warehouse-automation-001/install/orchestrator:/home/ubuntu/warehouse-automation-001/install/hello_world_pkgs:/home/ubuntu/warehouse-automation-001/install/cuopt_bridge:/home/ubuntu/warehouse-automation-001/install/amr_description:/opt/ros/humble PS1=\[\e]0;\u@\h: \w\a\]${debian_chroot:+($debian_chroot)}\[\033[01;32m\]\u@\h\[\033[00m\]:\[\033[01;34m\]\w\[\033[00m\]\$ /usr/bin/cmake --install /home/ubuntu/IsaacSim-ros_workspaces/humble_ws/src/build/isaac_tutorials
