-- The C compiler identification is GNU 11.4.0
-- The CXX compiler identification is GNU 11.4.0
-- Detecting C compiler ABI info
-- Detecting C compiler ABI info - done
-- Check for working C compiler: /usr/bin/cc - skipped
-- Detecting C compile features
-- Detecting C compile features - done
-- Detecting CXX compiler ABI info
-- Detecting CXX compiler ABI info - done
-- Check for working CXX compiler: /usr/bin/c++ - skipped
-- Detecting CXX compile features
-- Detecting CXX compile features - done
-- Found ament_cmake: 1.3.13 (/opt/ros/humble/share/ament_cmake/cmake)
-- Found Python3: /usr/local/bin/python3 (found version "3.10.12") found components: Interpreter 
-- Found rclpy: 3.3.19 (/opt/ros/humble/share/rclpy/cmake)
[31mCMake Error at CMakeLists.txt:6 (find_package):
  By not providing "Findmoveit.cmake" in CMAKE_MODULE_PATH this project has
  asked CMake to find a package configuration file provided by "moveit", but
  CMake did not find one.

  Could not find a package configuration file provided by "moveit" with any
  of the following names:

    moveitConfig.cmake
    moveit-config.cmake

  Add the installation prefix of "moveit" to CMAKE_PREFIX_PATH or set
  "moveit_DIR" to a directory containing one of the above files.  If "moveit"
  provides a separate development package or SDK, be sure it has been
  installed.

[0m
-- Configuring incomplete, errors occurred!
See also "/home/ubuntu/IsaacSim-ros_workspaces/humble_ws/src/build/isaac_moveit/CMakeFiles/CMakeOutput.log".
