[0.012s] Invoking command in '/home/ubuntu/IsaacSim-ros_workspaces/humble_ws/src/build/isaac_moveit': AMENT_PREFIX_PATH=/home/ubuntu/IsaacSim-ros_workspaces/humble_ws/src/install/moveit_resources_panda_moveit_config:/home/ubuntu/IsaacSim-ros_workspaces/humble_ws/src/install/moveit_resources_panda_description:${AMENT_PREFIX_PATH} CMAKE_PREFIX_PATH=/home/ubuntu/IsaacSim-ros_workspaces/humble_ws/src/install/moveit_resources_panda_moveit_config:/home/ubuntu/IsaacSim-ros_workspaces/humble_ws/src/install/moveit_resources_panda_description:/home/ubuntu/warehouse-automation-001/install/warehouse_msgs:/home/ubuntu/warehouse-automation-001/install/order_system:/home/ubuntu/warehouse-automation-001/install/orchestrator:/home/ubuntu/warehouse-automation-001/install/hello_world_pkgs:/home/ubuntu/warehouse-automation-001/install/cuopt_bridge:/home/ubuntu/warehouse-automation-001/install/amr_description:/opt/ros/humble PS1=\[\e]0;\u@\h: \w\a\]${debian_chroot:+($debian_chroot)}\[\033[01;32m\]\u@\h\[\033[00m\]:\[\033[01;34m\]\w\[\033[00m\]\$ /usr/bin/cmake /home/ubuntu/IsaacSim-ros_workspaces/humble_ws/src/moveit/isaac_moveit -DCMAKE_INSTALL_PREFIX=/home/ubuntu/IsaacSim-ros_workspaces/humble_ws/src/install/isaac_moveit
[0.074s] -- The C compiler identification is GNU 11.4.0
[0.139s] -- The CXX compiler identification is GNU 11.4.0
[0.147s] -- Detecting C compiler ABI info
[0.229s] -- Detecting C compiler ABI info - done
[0.237s] -- Check for working C compiler: /usr/bin/cc - skipped
[0.237s] -- Detecting C compile features
[0.237s] -- Detecting C compile features - done
[0.240s] -- Detecting CXX compiler ABI info
[0.339s] -- Detecting CXX compiler ABI info - done
[0.347s] -- Check for working CXX compiler: /usr/bin/c++ - skipped
[0.347s] -- Detecting CXX compile features
[0.348s] -- Detecting CXX compile features - done
[0.352s] -- Found ament_cmake: 1.3.13 (/opt/ros/humble/share/ament_cmake/cmake)
[0.870s] -- Found Python3: /usr/local/bin/python3 (found version "3.10.12") found components: Interpreter 
[1.024s] -- Found rclpy: 3.3.19 (/opt/ros/humble/share/rclpy/cmake)
[1.047s] [31mCMake Error at CMakeLists.txt:6 (find_package):
[1.047s]   By not providing "Findmoveit.cmake" in CMAKE_MODULE_PATH this project has
[1.047s]   asked CMake to find a package configuration file provided by "moveit", but
[1.047s]   CMake did not find one.
[1.047s] 
[1.047s]   Could not find a package configuration file provided by "moveit" with any
[1.047s]   of the following names:
[1.047s] 
[1.048s]     moveitConfig.cmake
[1.048s]     moveit-config.cmake
[1.048s] 
[1.048s]   Add the installation prefix of "moveit" to CMAKE_PREFIX_PATH or set
[1.048s]   "moveit_DIR" to a directory containing one of the above files.  If "moveit"
[1.048s]   provides a separate development package or SDK, be sure it has been
[1.048s]   installed.
[1.048s] 
[1.048s] [0m
[1.048s] -- Configuring incomplete, errors occurred!
[1.048s] See also "/home/ubuntu/IsaacSim-ros_workspaces/humble_ws/src/build/isaac_moveit/CMakeFiles/CMakeOutput.log".
[1.056s] Invoked command in '/home/ubuntu/IsaacSim-ros_workspaces/humble_ws/src/build/isaac_moveit' returned '1': AMENT_PREFIX_PATH=/home/ubuntu/IsaacSim-ros_workspaces/humble_ws/src/install/moveit_resources_panda_moveit_config:/home/ubuntu/IsaacSim-ros_workspaces/humble_ws/src/install/moveit_resources_panda_description:${AMENT_PREFIX_PATH} CMAKE_PREFIX_PATH=/home/ubuntu/IsaacSim-ros_workspaces/humble_ws/src/install/moveit_resources_panda_moveit_config:/home/ubuntu/IsaacSim-ros_workspaces/humble_ws/src/install/moveit_resources_panda_description:/home/ubuntu/warehouse-automation-001/install/warehouse_msgs:/home/ubuntu/warehouse-automation-001/install/order_system:/home/ubuntu/warehouse-automation-001/install/orchestrator:/home/ubuntu/warehouse-automation-001/install/hello_world_pkgs:/home/ubuntu/warehouse-automation-001/install/cuopt_bridge:/home/ubuntu/warehouse-automation-001/install/amr_description:/opt/ros/humble PS1=\[\e]0;\u@\h: \w\a\]${debian_chroot:+($debian_chroot)}\[\033[01;32m\]\u@\h\[\033[00m\]:\[\033[01;34m\]\w\[\033[00m\]\$ /usr/bin/cmake /home/ubuntu/IsaacSim-ros_workspaces/humble_ws/src/moveit/isaac_moveit -DCMAKE_INSTALL_PREFIX=/home/ubuntu/IsaacSim-ros_workspaces/humble_ws/src/install/isaac_moveit
