[0.970s] Invoking command in '/home/ubuntu/IsaacSim-ros_workspaces/humble_ws/src/navigation/isaac_ros_navigation_goal': PS1=\[\e]0;\u@\h: \w\a\]${debian_chroot:+($debian_chroot)}\[\033[01;32m\]\u@\h\[\033[00m\]:\[\033[01;34m\]\w\[\033[00m\]\$ PYTHONPATH=/home/ubuntu/IsaacSim-ros_workspaces/humble_ws/src/build/isaac_ros_navigation_goal/prefix_override:/usr/lib/python3/dist-packages/colcon_core/task/python/colcon_distutils_commands:/home/ubuntu/IsaacSim-ros_workspaces/humble_ws/src/install/isaac_ros_navigation_goal/lib/python3.10/site-packages:${PYTHONPATH} /usr/bin/python3 -W ignore:setup.py install is deprecated -W ignore:easy_install command is deprecated setup.py egg_info --egg-base ../../build/isaac_ros_navigation_goal build --build-base /home/ubuntu/IsaacSim-ros_workspaces/humble_ws/src/build/isaac_ros_navigation_goal/build install --record /home/ubuntu/IsaacSim-ros_workspaces/humble_ws/src/build/isaac_ros_navigation_goal/install.log --single-version-externally-managed install_data
[1.713s] running egg_info
[1.713s] creating ../../build/isaac_ros_navigation_goal/isaac_ros_navigation_goal.egg-info
[1.713s] writing ../../build/isaac_ros_navigation_goal/isaac_ros_navigation_goal.egg-info/PKG-INFO
[1.713s] writing dependency_links to ../../build/isaac_ros_navigation_goal/isaac_ros_navigation_goal.egg-info/dependency_links.txt
[1.713s] writing entry points to ../../build/isaac_ros_navigation_goal/isaac_ros_navigation_goal.egg-info/entry_points.txt
[1.713s] writing requirements to ../../build/isaac_ros_navigation_goal/isaac_ros_navigation_goal.egg-info/requires.txt
[1.713s] writing top-level names to ../../build/isaac_ros_navigation_goal/isaac_ros_navigation_goal.egg-info/top_level.txt
[1.713s] writing manifest file '../../build/isaac_ros_navigation_goal/isaac_ros_navigation_goal.egg-info/SOURCES.txt'
[1.714s] reading manifest file '../../build/isaac_ros_navigation_goal/isaac_ros_navigation_goal.egg-info/SOURCES.txt'
[1.714s] writing manifest file '../../build/isaac_ros_navigation_goal/isaac_ros_navigation_goal.egg-info/SOURCES.txt'
[1.714s] running build
[1.714s] running build_py
[1.714s] creating /home/ubuntu/IsaacSim-ros_workspaces/humble_ws/src/build/isaac_ros_navigation_goal/build/lib/isaac_ros_navigation_goal
[1.717s] copying isaac_ros_navigation_goal/__init__.py -> /home/ubuntu/IsaacSim-ros_workspaces/humble_ws/src/build/isaac_ros_navigation_goal/build/lib/isaac_ros_navigation_goal
[1.717s] copying isaac_ros_navigation_goal/obstacle_map.py -> /home/ubuntu/IsaacSim-ros_workspaces/humble_ws/src/build/isaac_ros_navigation_goal/build/lib/isaac_ros_navigation_goal
[1.717s] copying isaac_ros_navigation_goal/set_goal.py -> /home/ubuntu/IsaacSim-ros_workspaces/humble_ws/src/build/isaac_ros_navigation_goal/build/lib/isaac_ros_navigation_goal
[1.717s] creating /home/ubuntu/IsaacSim-ros_workspaces/humble_ws/src/build/isaac_ros_navigation_goal/build/lib/isaac_ros_navigation_goal/goal_generators
[1.717s] copying isaac_ros_navigation_goal/goal_generators/goal_generator.py -> /home/ubuntu/IsaacSim-ros_workspaces/humble_ws/src/build/isaac_ros_navigation_goal/build/lib/isaac_ros_navigation_goal/goal_generators
[1.717s] copying isaac_ros_navigation_goal/goal_generators/__init__.py -> /home/ubuntu/IsaacSim-ros_workspaces/humble_ws/src/build/isaac_ros_navigation_goal/build/lib/isaac_ros_navigation_goal/goal_generators
[1.717s] copying isaac_ros_navigation_goal/goal_generators/random_goal_generator.py -> /home/ubuntu/IsaacSim-ros_workspaces/humble_ws/src/build/isaac_ros_navigation_goal/build/lib/isaac_ros_navigation_goal/goal_generators
[1.718s] copying isaac_ros_navigation_goal/goal_generators/goal_reader.py -> /home/ubuntu/IsaacSim-ros_workspaces/humble_ws/src/build/isaac_ros_navigation_goal/build/lib/isaac_ros_navigation_goal/goal_generators
[1.718s] running install
[1.718s] running install_lib
[1.718s] creating /home/ubuntu/IsaacSim-ros_workspaces/humble_ws/src/install/isaac_ros_navigation_goal/lib/python3.10/site-packages/isaac_ros_navigation_goal
[1.718s] copying /home/ubuntu/IsaacSim-ros_workspaces/humble_ws/src/build/isaac_ros_navigation_goal/build/lib/isaac_ros_navigation_goal/__init__.py -> /home/ubuntu/IsaacSim-ros_workspaces/humble_ws/src/install/isaac_ros_navigation_goal/lib/python3.10/site-packages/isaac_ros_navigation_goal
[1.718s] creating /home/ubuntu/IsaacSim-ros_workspaces/humble_ws/src/install/isaac_ros_navigation_goal/lib/python3.10/site-packages/isaac_ros_navigation_goal/goal_generators
[1.718s] copying /home/ubuntu/IsaacSim-ros_workspaces/humble_ws/src/build/isaac_ros_navigation_goal/build/lib/isaac_ros_navigation_goal/goal_generators/goal_generator.py -> /home/ubuntu/IsaacSim-ros_workspaces/humble_ws/src/install/isaac_ros_navigation_goal/lib/python3.10/site-packages/isaac_ros_navigation_goal/goal_generators
[1.718s] copying /home/ubuntu/IsaacSim-ros_workspaces/humble_ws/src/build/isaac_ros_navigation_goal/build/lib/isaac_ros_navigation_goal/goal_generators/__init__.py -> /home/ubuntu/IsaacSim-ros_workspaces/humble_ws/src/install/isaac_ros_navigation_goal/lib/python3.10/site-packages/isaac_ros_navigation_goal/goal_generators
[1.719s] copying /home/ubuntu/IsaacSim-ros_workspaces/humble_ws/src/build/isaac_ros_navigation_goal/build/lib/isaac_ros_navigation_goal/goal_generators/random_goal_generator.py -> /home/ubuntu/IsaacSim-ros_workspaces/humble_ws/src/install/isaac_ros_navigation_goal/lib/python3.10/site-packages/isaac_ros_navigation_goal/goal_generators
[1.719s] copying /home/ubuntu/IsaacSim-ros_workspaces/humble_ws/src/build/isaac_ros_navigation_goal/build/lib/isaac_ros_navigation_goal/goal_generators/goal_reader.py -> /home/ubuntu/IsaacSim-ros_workspaces/humble_ws/src/install/isaac_ros_navigation_goal/lib/python3.10/site-packages/isaac_ros_navigation_goal/goal_generators
[1.719s] copying /home/ubuntu/IsaacSim-ros_workspaces/humble_ws/src/build/isaac_ros_navigation_goal/build/lib/isaac_ros_navigation_goal/obstacle_map.py -> /home/ubuntu/IsaacSim-ros_workspaces/humble_ws/src/install/isaac_ros_navigation_goal/lib/python3.10/site-packages/isaac_ros_navigation_goal
[1.720s] copying /home/ubuntu/IsaacSim-ros_workspaces/humble_ws/src/build/isaac_ros_navigation_goal/build/lib/isaac_ros_navigation_goal/set_goal.py -> /home/ubuntu/IsaacSim-ros_workspaces/humble_ws/src/install/isaac_ros_navigation_goal/lib/python3.10/site-packages/isaac_ros_navigation_goal
[1.720s] byte-compiling /home/ubuntu/IsaacSim-ros_workspaces/humble_ws/src/install/isaac_ros_navigation_goal/lib/python3.10/site-packages/isaac_ros_navigation_goal/__init__.py to __init__.cpython-310.pyc
[1.720s] byte-compiling /home/ubuntu/IsaacSim-ros_workspaces/humble_ws/src/install/isaac_ros_navigation_goal/lib/python3.10/site-packages/isaac_ros_navigation_goal/goal_generators/goal_generator.py to goal_generator.cpython-310.pyc
[1.720s] byte-compiling /home/ubuntu/IsaacSim-ros_workspaces/humble_ws/src/install/isaac_ros_navigation_goal/lib/python3.10/site-packages/isaac_ros_navigation_goal/goal_generators/__init__.py to __init__.cpython-310.pyc
[1.720s] byte-compiling /home/ubuntu/IsaacSim-ros_workspaces/humble_ws/src/install/isaac_ros_navigation_goal/lib/python3.10/site-packages/isaac_ros_navigation_goal/goal_generators/random_goal_generator.py to random_goal_generator.cpython-310.pyc
[1.720s] byte-compiling /home/ubuntu/IsaacSim-ros_workspaces/humble_ws/src/install/isaac_ros_navigation_goal/lib/python3.10/site-packages/isaac_ros_navigation_goal/goal_generators/goal_reader.py to goal_reader.cpython-310.pyc
[1.721s] byte-compiling /home/ubuntu/IsaacSim-ros_workspaces/humble_ws/src/install/isaac_ros_navigation_goal/lib/python3.10/site-packages/isaac_ros_navigation_goal/obstacle_map.py to obstacle_map.cpython-310.pyc
[1.721s] byte-compiling /home/ubuntu/IsaacSim-ros_workspaces/humble_ws/src/install/isaac_ros_navigation_goal/lib/python3.10/site-packages/isaac_ros_navigation_goal/set_goal.py to set_goal.cpython-310.pyc
[1.721s] running install_data
[1.721s] creating /home/ubuntu/IsaacSim-ros_workspaces/humble_ws/src/install/isaac_ros_navigation_goal/share/ament_index/resource_index/packages
[1.721s] copying resource/isaac_ros_navigation_goal -> /home/ubuntu/IsaacSim-ros_workspaces/humble_ws/src/install/isaac_ros_navigation_goal/share/ament_index/resource_index/packages
[1.721s] copying package.xml -> /home/ubuntu/IsaacSim-ros_workspaces/humble_ws/src/install/isaac_ros_navigation_goal/share/isaac_ros_navigation_goal
[1.721s] creating /home/ubuntu/IsaacSim-ros_workspaces/humble_ws/src/install/isaac_ros_navigation_goal/share/isaac_ros_navigation_goal/launch
[1.722s] copying launch/isaac_ros_navigation_goal.launch.py -> /home/ubuntu/IsaacSim-ros_workspaces/humble_ws/src/install/isaac_ros_navigation_goal/share/isaac_ros_navigation_goal/launch
[1.722s] creating /home/ubuntu/IsaacSim-ros_workspaces/humble_ws/src/install/isaac_ros_navigation_goal/share/isaac_ros_navigation_goal/assets
[1.722s] copying assets/carter_warehouse_navigation.png -> /home/ubuntu/IsaacSim-ros_workspaces/humble_ws/src/install/isaac_ros_navigation_goal/share/isaac_ros_navigation_goal/assets
[1.722s] copying assets/goals.txt -> /home/ubuntu/IsaacSim-ros_workspaces/humble_ws/src/install/isaac_ros_navigation_goal/share/isaac_ros_navigation_goal/assets
[1.722s] copying assets/carter_warehouse_navigation.yaml -> /home/ubuntu/IsaacSim-ros_workspaces/humble_ws/src/install/isaac_ros_navigation_goal/share/isaac_ros_navigation_goal/assets
[1.722s] running install_egg_info
[1.722s] Copying ../../build/isaac_ros_navigation_goal/isaac_ros_navigation_goal.egg-info to /home/ubuntu/IsaacSim-ros_workspaces/humble_ws/src/install/isaac_ros_navigation_goal/lib/python3.10/site-packages/isaac_ros_navigation_goal-0.0.1-py3.10.egg-info
[1.722s] running install_scripts
[1.723s] Installing SetNavigationGoal script to /home/ubuntu/IsaacSim-ros_workspaces/humble_ws/src/install/isaac_ros_navigation_goal/lib/isaac_ros_navigation_goal
[1.723s] writing list of installed files to '/home/ubuntu/IsaacSim-ros_workspaces/humble_ws/src/build/isaac_ros_navigation_goal/install.log'
[1.723s] /usr/local/lib/python3.10/dist-packages/setuptools/_distutils/dist.py:289: UserWarning: Unknown distribution option: 'tests_require'
[1.723s]   warnings.warn(msg)
[1.724s] Invoked command in '/home/ubuntu/IsaacSim-ros_workspaces/humble_ws/src/navigation/isaac_ros_navigation_goal' returned '0': PS1=\[\e]0;\u@\h: \w\a\]${debian_chroot:+($debian_chroot)}\[\033[01;32m\]\u@\h\[\033[00m\]:\[\033[01;34m\]\w\[\033[00m\]\$ PYTHONPATH=/home/ubuntu/IsaacSim-ros_workspaces/humble_ws/src/build/isaac_ros_navigation_goal/prefix_override:/usr/lib/python3/dist-packages/colcon_core/task/python/colcon_distutils_commands:/home/ubuntu/IsaacSim-ros_workspaces/humble_ws/src/install/isaac_ros_navigation_goal/lib/python3.10/site-packages:${PYTHONPATH} /usr/bin/python3 -W ignore:setup.py install is deprecated -W ignore:easy_install command is deprecated setup.py egg_info --egg-base ../../build/isaac_ros_navigation_goal build --build-base /home/ubuntu/IsaacSim-ros_workspaces/humble_ws/src/build/isaac_ros_navigation_goal/build install --record /home/ubuntu/IsaacSim-ros_workspaces/humble_ws/src/build/isaac_ros_navigation_goal/install.log --single-version-externally-managed install_data
