[0.051s] Invoking command in '/home/ubuntu/IsaacSim-ros_workspaces/humble_ws/src/build/carter_navigation': CMAKE_PREFIX_PATH=/home/ubuntu/warehouse-automation-001/install/warehouse_msgs:/home/ubuntu/warehouse-automation-001/install/order_system:/home/ubuntu/warehouse-automation-001/install/orchestrator:/home/ubuntu/warehouse-automation-001/install/hello_world_pkgs:/home/ubuntu/warehouse-automation-001/install/cuopt_bridge:/home/ubuntu/warehouse-automation-001/install/amr_description:/opt/ros/humble PS1=\[\e]0;\u@\h: \w\a\]${debian_chroot:+($debian_chroot)}\[\033[01;32m\]\u@\h\[\033[00m\]:\[\033[01;34m\]\w\[\033[00m\]\$ /usr/bin/cmake /home/ubuntu/IsaacSim-ros_workspaces/humble_ws/src/navigation/carter_navigation -DCMAKE_INSTALL_PREFIX=/home/ubuntu/IsaacSim-ros_workspaces/humble_ws/src/install/carter_navigation
[0.322s] -- The C compiler identification is GNU 11.4.0
[0.461s] -- The CXX compiler identification is GNU 11.4.0
[0.473s] -- Detecting C compiler ABI info
[0.586s] -- Detecting C compiler ABI info - done
[0.595s] -- Check for working C compiler: /usr/bin/cc - skipped
[0.595s] -- Detecting C compile features
[0.595s] -- Detecting C compile features - done
[0.600s] -- Detecting CXX compiler ABI info
[0.724s] -- Detecting CXX compiler ABI info - done
[0.738s] -- Check for working CXX compiler: /usr/bin/c++ - skipped
[0.739s] -- Detecting CXX compile features
[0.739s] -- Detecting CXX compile features - done
[0.744s] -- Found ament_cmake: 1.3.13 (/opt/ros/humble/share/ament_cmake/cmake)
[1.400s] -- Found Python3: /usr/local/bin/python3 (found version "3.10.12") found components: Interpreter 
[1.726s] -- Configuring done
[1.739s] -- Generating done
[1.743s] -- Build files have been written to: /home/ubuntu/IsaacSim-ros_workspaces/humble_ws/src/build/carter_navigation
[1.765s] Invoked command in '/home/ubuntu/IsaacSim-ros_workspaces/humble_ws/src/build/carter_navigation' returned '0': CMAKE_PREFIX_PATH=/home/ubuntu/warehouse-automation-001/install/warehouse_msgs:/home/ubuntu/warehouse-automation-001/install/order_system:/home/ubuntu/warehouse-automation-001/install/orchestrator:/home/ubuntu/warehouse-automation-001/install/hello_world_pkgs:/home/ubuntu/warehouse-automation-001/install/cuopt_bridge:/home/ubuntu/warehouse-automation-001/install/amr_description:/opt/ros/humble PS1=\[\e]0;\u@\h: \w\a\]${debian_chroot:+($debian_chroot)}\[\033[01;32m\]\u@\h\[\033[00m\]:\[\033[01;34m\]\w\[\033[00m\]\$ /usr/bin/cmake /home/ubuntu/IsaacSim-ros_workspaces/humble_ws/src/navigation/carter_navigation -DCMAKE_INSTALL_PREFIX=/home/ubuntu/IsaacSim-ros_workspaces/humble_ws/src/install/carter_navigation
[1.769s] Invoking command in '/home/ubuntu/IsaacSim-ros_workspaces/humble_ws/src/build/carter_navigation': CMAKE_PREFIX_PATH=/home/ubuntu/warehouse-automation-001/install/warehouse_msgs:/home/ubuntu/warehouse-automation-001/install/order_system:/home/ubuntu/warehouse-automation-001/install/orchestrator:/home/ubuntu/warehouse-automation-001/install/hello_world_pkgs:/home/ubuntu/warehouse-automation-001/install/cuopt_bridge:/home/ubuntu/warehouse-automation-001/install/amr_description:/opt/ros/humble PS1=\[\e]0;\u@\h: \w\a\]${debian_chroot:+($debian_chroot)}\[\033[01;32m\]\u@\h\[\033[00m\]:\[\033[01;34m\]\w\[\033[00m\]\$ /usr/bin/cmake --build /home/ubuntu/IsaacSim-ros_workspaces/humble_ws/src/build/carter_navigation -- -j16 -l16
[1.823s] Invoked command in '/home/ubuntu/IsaacSim-ros_workspaces/humble_ws/src/build/carter_navigation' returned '0': CMAKE_PREFIX_PATH=/home/ubuntu/warehouse-automation-001/install/warehouse_msgs:/home/ubuntu/warehouse-automation-001/install/order_system:/home/ubuntu/warehouse-automation-001/install/orchestrator:/home/ubuntu/warehouse-automation-001/install/hello_world_pkgs:/home/ubuntu/warehouse-automation-001/install/cuopt_bridge:/home/ubuntu/warehouse-automation-001/install/amr_description:/opt/ros/humble PS1=\[\e]0;\u@\h: \w\a\]${debian_chroot:+($debian_chroot)}\[\033[01;32m\]\u@\h\[\033[00m\]:\[\033[01;34m\]\w\[\033[00m\]\$ /usr/bin/cmake --build /home/ubuntu/IsaacSim-ros_workspaces/humble_ws/src/build/carter_navigation -- -j16 -l16
[1.825s] Invoking command in '/home/ubuntu/IsaacSim-ros_workspaces/humble_ws/src/build/carter_navigation': CMAKE_PREFIX_PATH=/home/ubuntu/warehouse-automation-001/install/warehouse_msgs:/home/ubuntu/warehouse-automation-001/install/order_system:/home/ubuntu/warehouse-automation-001/install/orchestrator:/home/ubuntu/warehouse-automation-001/install/hello_world_pkgs:/home/ubuntu/warehouse-automation-001/install/cuopt_bridge:/home/ubuntu/warehouse-automation-001/install/amr_description:/opt/ros/humble PS1=\[\e]0;\u@\h: \w\a\]${debian_chroot:+($debian_chroot)}\[\033[01;32m\]\u@\h\[\033[00m\]:\[\033[01;34m\]\w\[\033[00m\]\$ /usr/bin/cmake --install /home/ubuntu/IsaacSim-ros_workspaces/humble_ws/src/build/carter_navigation
[1.844s] -- Install configuration: ""
[1.844s] -- Installing: /home/ubuntu/IsaacSim-ros_workspaces/humble_ws/src/install/carter_navigation/share/carter_navigation/launch
[1.844s] -- Installing: /home/ubuntu/IsaacSim-ros_workspaces/humble_ws/src/install/carter_navigation/share/carter_navigation/launch/multiple_robot_carter_navigation_office.launch.py
[1.847s] -- Installing: /home/ubuntu/IsaacSim-ros_workspaces/humble_ws/src/install/carter_navigation/share/carter_navigation/launch/nova_carter_description_isaac_sim.launch.py
[1.853s] -- Installing: /home/ubuntu/IsaacSim-ros_workspaces/humble_ws/src/install/carter_navigation/share/carter_navigation/launch/multiple_robot_carter_navigation_hospital.launch.py
[1.854s] -- Installing: /home/ubuntu/IsaacSim-ros_workspaces/humble_ws/src/install/carter_navigation/share/carter_navigation/launch/carter_navigation_individual.launch.py
[1.858s] -- Installing: /home/ubuntu/IsaacSim-ros_workspaces/humble_ws/src/install/carter_navigation/share/carter_navigation/launch/carter_navigation.launch.py
[1.859s] -- Installing: /home/ubuntu/IsaacSim-ros_workspaces/humble_ws/src/install/carter_navigation/share/carter_navigation/launch/carter_navigation_isaacsim.launch.py
[1.859s] -- Installing: /home/ubuntu/IsaacSim-ros_workspaces/humble_ws/src/install/carter_navigation/share/carter_navigation/params
[1.859s] -- Installing: /home/ubuntu/IsaacSim-ros_workspaces/humble_ws/src/install/carter_navigation/share/carter_navigation/params/hospital
[1.863s] -- Installing: /home/ubuntu/IsaacSim-ros_workspaces/humble_ws/src/install/carter_navigation/share/carter_navigation/params/hospital/multi_robot_carter_navigation_params_1.yaml
[1.863s] -- Installing: /home/ubuntu/IsaacSim-ros_workspaces/humble_ws/src/install/carter_navigation/share/carter_navigation/params/hospital/multi_robot_carter_navigation_params_2.yaml
[1.863s] -- Installing: /home/ubuntu/IsaacSim-ros_workspaces/humble_ws/src/install/carter_navigation/share/carter_navigation/params/hospital/multi_robot_carter_navigation_params_3.yaml
[1.863s] -- Installing: /home/ubuntu/IsaacSim-ros_workspaces/humble_ws/src/install/carter_navigation/share/carter_navigation/params/carter_navigation_params.yaml
[1.863s] -- Installing: /home/ubuntu/IsaacSim-ros_workspaces/humble_ws/src/install/carter_navigation/share/carter_navigation/params/office
[1.863s] -- Installing: /home/ubuntu/IsaacSim-ros_workspaces/humble_ws/src/install/carter_navigation/share/carter_navigation/params/office/multi_robot_carter_navigation_params_1.yaml
[1.864s] -- Installing: /home/ubuntu/IsaacSim-ros_workspaces/humble_ws/src/install/carter_navigation/share/carter_navigation/params/office/multi_robot_carter_navigation_params_2.yaml
[1.864s] -- Installing: /home/ubuntu/IsaacSim-ros_workspaces/humble_ws/src/install/carter_navigation/share/carter_navigation/params/office/multi_robot_carter_navigation_params_3.yaml
[1.864s] -- Installing: /home/ubuntu/IsaacSim-ros_workspaces/humble_ws/src/install/carter_navigation/share/carter_navigation/maps
[1.864s] -- Installing: /home/ubuntu/IsaacSim-ros_workspaces/humble_ws/src/install/carter_navigation/share/carter_navigation/maps/carter_warehouse_navigation.png
[1.864s] -- Installing: /home/ubuntu/IsaacSim-ros_workspaces/humble_ws/src/install/carter_navigation/share/carter_navigation/maps/carter_warehouse_navigation.yaml
[1.865s] -- Installing: /home/ubuntu/IsaacSim-ros_workspaces/humble_ws/src/install/carter_navigation/share/carter_navigation/maps/carter_office_navigation.yaml
[1.865s] -- Installing: /home/ubuntu/IsaacSim-ros_workspaces/humble_ws/src/install/carter_navigation/share/carter_navigation/maps/carter_hospital_navigation.yaml
[1.865s] -- Installing: /home/ubuntu/IsaacSim-ros_workspaces/humble_ws/src/install/carter_navigation/share/carter_navigation/maps/carter_hospital_navigation.png
[1.865s] -- Installing: /home/ubuntu/IsaacSim-ros_workspaces/humble_ws/src/install/carter_navigation/share/carter_navigation/maps/carter_office_navigation.png
[1.866s] -- Installing: /home/ubuntu/IsaacSim-ros_workspaces/humble_ws/src/install/carter_navigation/share/carter_navigation/rviz2
[1.866s] -- Installing: /home/ubuntu/IsaacSim-ros_workspaces/humble_ws/src/install/carter_navigation/share/carter_navigation/rviz2/carter_navigation_namespaced.rviz
[1.866s] -- Installing: /home/ubuntu/IsaacSim-ros_workspaces/humble_ws/src/install/carter_navigation/share/carter_navigation/rviz2/carter_navigation.rviz
[1.866s] -- Installing: /home/ubuntu/IsaacSim-ros_workspaces/humble_ws/src/install/carter_navigation/share/ament_index/resource_index/package_run_dependencies/carter_navigation
[1.866s] -- Installing: /home/ubuntu/IsaacSim-ros_workspaces/humble_ws/src/install/carter_navigation/share/ament_index/resource_index/parent_prefix_path/carter_navigation
[1.867s] -- Installing: /home/ubuntu/IsaacSim-ros_workspaces/humble_ws/src/install/carter_navigation/share/carter_navigation/environment/ament_prefix_path.sh
[1.867s] -- Installing: /home/ubuntu/IsaacSim-ros_workspaces/humble_ws/src/install/carter_navigation/share/carter_navigation/environment/ament_prefix_path.dsv
[1.868s] -- Installing: /home/ubuntu/IsaacSim-ros_workspaces/humble_ws/src/install/carter_navigation/share/carter_navigation/environment/path.sh
[1.868s] -- Installing: /home/ubuntu/IsaacSim-ros_workspaces/humble_ws/src/install/carter_navigation/share/carter_navigation/environment/path.dsv
[1.869s] -- Installing: /home/ubuntu/IsaacSim-ros_workspaces/humble_ws/src/install/carter_navigation/share/carter_navigation/local_setup.bash
[1.869s] -- Installing: /home/ubuntu/IsaacSim-ros_workspaces/humble_ws/src/install/carter_navigation/share/carter_navigation/local_setup.sh
[1.869s] -- Installing: /home/ubuntu/IsaacSim-ros_workspaces/humble_ws/src/install/carter_navigation/share/carter_navigation/local_setup.zsh
[1.869s] -- Installing: /home/ubuntu/IsaacSim-ros_workspaces/humble_ws/src/install/carter_navigation/share/carter_navigation/local_setup.dsv
[1.869s] -- Installing: /home/ubuntu/IsaacSim-ros_workspaces/humble_ws/src/install/carter_navigation/share/carter_navigation/package.dsv
[1.870s] -- Installing: /home/ubuntu/IsaacSim-ros_workspaces/humble_ws/src/install/carter_navigation/share/ament_index/resource_index/packages/carter_navigation
[1.870s] -- Installing: /home/ubuntu/IsaacSim-ros_workspaces/humble_ws/src/install/carter_navigation/share/carter_navigation/cmake/carter_navigationConfig.cmake
[1.870s] -- Installing: /home/ubuntu/IsaacSim-ros_workspaces/humble_ws/src/install/carter_navigation/share/carter_navigation/cmake/carter_navigationConfig-version.cmake
[1.870s] -- Installing: /home/ubuntu/IsaacSim-ros_workspaces/humble_ws/src/install/carter_navigation/share/carter_navigation/package.xml
[1.891s] Invoked command in '/home/ubuntu/IsaacSim-ros_workspaces/humble_ws/src/build/carter_navigation' returned '0': CMAKE_PREFIX_PATH=/home/ubuntu/warehouse-automation-001/install/warehouse_msgs:/home/ubuntu/warehouse-automation-001/install/order_system:/home/ubuntu/warehouse-automation-001/install/orchestrator:/home/ubuntu/warehouse-automation-001/install/hello_world_pkgs:/home/ubuntu/warehouse-automation-001/install/cuopt_bridge:/home/ubuntu/warehouse-automation-001/install/amr_description:/opt/ros/humble PS1=\[\e]0;\u@\h: \w\a\]${debian_chroot:+($debian_chroot)}\[\033[01;32m\]\u@\h\[\033[00m\]:\[\033[01;34m\]\w\[\033[00m\]\$ /usr/bin/cmake --install /home/ubuntu/IsaacSim-ros_workspaces/humble_ws/src/build/carter_navigation
