[0.056s] Invoking command in '/home/ubuntu/IsaacSim-ros_workspaces/humble_ws/src/build/moveit_resources_panda_description': CMAKE_PREFIX_PATH=/home/ubuntu/warehouse-automation-001/install/warehouse_msgs:/home/ubuntu/warehouse-automation-001/install/order_system:/home/ubuntu/warehouse-automation-001/install/orchestrator:/home/ubuntu/warehouse-automation-001/install/hello_world_pkgs:/home/ubuntu/warehouse-automation-001/install/cuopt_bridge:/home/ubuntu/warehouse-automation-001/install/amr_description:/opt/ros/humble PS1=\[\e]0;\u@\h: \w\a\]${debian_chroot:+($debian_chroot)}\[\033[01;32m\]\u@\h\[\033[00m\]:\[\033[01;34m\]\w\[\033[00m\]\$ /usr/bin/cmake /home/ubuntu/IsaacSim-ros_workspaces/humble_ws/src/moveit/moveit_resources/panda_description -DCMAKE_INSTALL_PREFIX=/home/ubuntu/IsaacSim-ros_workspaces/humble_ws/src/install/moveit_resources_panda_description
[0.329s] -- The C compiler identification is GNU 11.4.0
[0.464s] -- The CXX compiler identification is GNU 11.4.0
[0.480s] -- Detecting C compiler ABI info
[0.593s] -- Detecting C compiler ABI info - done
[0.601s] -- Check for working C compiler: /usr/bin/cc - skipped
[0.602s] -- Detecting C compile features
[0.602s] -- Detecting C compile features - done
[0.607s] -- Detecting CXX compiler ABI info
[0.744s] -- Detecting CXX compiler ABI info - done
[0.757s] -- Check for working CXX compiler: /usr/bin/c++ - skipped
[0.757s] -- Detecting CXX compile features
[0.758s] -- Detecting CXX compile features - done
[0.762s] -- Found ament_cmake: 1.3.13 (/opt/ros/humble/share/ament_cmake/cmake)
[1.406s] -- Found Python3: /usr/local/bin/python3 (found version "3.10.12") found components: Interpreter 
[1.735s] -- Configuring done
[1.751s] -- Generating done
[1.751s] -- Build files have been written to: /home/ubuntu/IsaacSim-ros_workspaces/humble_ws/src/build/moveit_resources_panda_description
[1.770s] Invoked command in '/home/ubuntu/IsaacSim-ros_workspaces/humble_ws/src/build/moveit_resources_panda_description' returned '0': CMAKE_PREFIX_PATH=/home/ubuntu/warehouse-automation-001/install/warehouse_msgs:/home/ubuntu/warehouse-automation-001/install/order_system:/home/ubuntu/warehouse-automation-001/install/orchestrator:/home/ubuntu/warehouse-automation-001/install/hello_world_pkgs:/home/ubuntu/warehouse-automation-001/install/cuopt_bridge:/home/ubuntu/warehouse-automation-001/install/amr_description:/opt/ros/humble PS1=\[\e]0;\u@\h: \w\a\]${debian_chroot:+($debian_chroot)}\[\033[01;32m\]\u@\h\[\033[00m\]:\[\033[01;34m\]\w\[\033[00m\]\$ /usr/bin/cmake /home/ubuntu/IsaacSim-ros_workspaces/humble_ws/src/moveit/moveit_resources/panda_description -DCMAKE_INSTALL_PREFIX=/home/ubuntu/IsaacSim-ros_workspaces/humble_ws/src/install/moveit_resources_panda_description
[1.772s] Invoking command in '/home/ubuntu/IsaacSim-ros_workspaces/humble_ws/src/build/moveit_resources_panda_description': CMAKE_PREFIX_PATH=/home/ubuntu/warehouse-automation-001/install/warehouse_msgs:/home/ubuntu/warehouse-automation-001/install/order_system:/home/ubuntu/warehouse-automation-001/install/orchestrator:/home/ubuntu/warehouse-automation-001/install/hello_world_pkgs:/home/ubuntu/warehouse-automation-001/install/cuopt_bridge:/home/ubuntu/warehouse-automation-001/install/amr_description:/opt/ros/humble PS1=\[\e]0;\u@\h: \w\a\]${debian_chroot:+($debian_chroot)}\[\033[01;32m\]\u@\h\[\033[00m\]:\[\033[01;34m\]\w\[\033[00m\]\$ /usr/bin/cmake --build /home/ubuntu/IsaacSim-ros_workspaces/humble_ws/src/build/moveit_resources_panda_description -- -j16 -l16
[1.834s] Invoked command in '/home/ubuntu/IsaacSim-ros_workspaces/humble_ws/src/build/moveit_resources_panda_description' returned '0': CMAKE_PREFIX_PATH=/home/ubuntu/warehouse-automation-001/install/warehouse_msgs:/home/ubuntu/warehouse-automation-001/install/order_system:/home/ubuntu/warehouse-automation-001/install/orchestrator:/home/ubuntu/warehouse-automation-001/install/hello_world_pkgs:/home/ubuntu/warehouse-automation-001/install/cuopt_bridge:/home/ubuntu/warehouse-automation-001/install/amr_description:/opt/ros/humble PS1=\[\e]0;\u@\h: \w\a\]${debian_chroot:+($debian_chroot)}\[\033[01;32m\]\u@\h\[\033[00m\]:\[\033[01;34m\]\w\[\033[00m\]\$ /usr/bin/cmake --build /home/ubuntu/IsaacSim-ros_workspaces/humble_ws/src/build/moveit_resources_panda_description -- -j16 -l16
[1.837s] Invoking command in '/home/ubuntu/IsaacSim-ros_workspaces/humble_ws/src/build/moveit_resources_panda_description': CMAKE_PREFIX_PATH=/home/ubuntu/warehouse-automation-001/install/warehouse_msgs:/home/ubuntu/warehouse-automation-001/install/order_system:/home/ubuntu/warehouse-automation-001/install/orchestrator:/home/ubuntu/warehouse-automation-001/install/hello_world_pkgs:/home/ubuntu/warehouse-automation-001/install/cuopt_bridge:/home/ubuntu/warehouse-automation-001/install/amr_description:/opt/ros/humble PS1=\[\e]0;\u@\h: \w\a\]${debian_chroot:+($debian_chroot)}\[\033[01;32m\]\u@\h\[\033[00m\]:\[\033[01;34m\]\w\[\033[00m\]\$ /usr/bin/cmake --install /home/ubuntu/IsaacSim-ros_workspaces/humble_ws/src/build/moveit_resources_panda_description
[1.861s] -- Install configuration: ""
[1.862s] -- Installing: /home/ubuntu/IsaacSim-ros_workspaces/humble_ws/src/install/moveit_resources_panda_description/share/ament_index/resource_index/package_run_dependencies/moveit_resources_panda_description
[1.862s] -- Installing: /home/ubuntu/IsaacSim-ros_workspaces/humble_ws/src/install/moveit_resources_panda_description/share/ament_index/resource_index/parent_prefix_path/moveit_resources_panda_description
[1.863s] -- Installing: /home/ubuntu/IsaacSim-ros_workspaces/humble_ws/src/install/moveit_resources_panda_description/share/moveit_resources_panda_description/environment/ament_prefix_path.sh
[1.863s] -- Installing: /home/ubuntu/IsaacSim-ros_workspaces/humble_ws/src/install/moveit_resources_panda_description/share/moveit_resources_panda_description/environment/ament_prefix_path.dsv
[1.863s] -- Installing: /home/ubuntu/IsaacSim-ros_workspaces/humble_ws/src/install/moveit_resources_panda_description/share/moveit_resources_panda_description/environment/path.sh
[1.863s] -- Installing: /home/ubuntu/IsaacSim-ros_workspaces/humble_ws/src/install/moveit_resources_panda_description/share/moveit_resources_panda_description/environment/path.dsv
[1.863s] -- Installing: /home/ubuntu/IsaacSim-ros_workspaces/humble_ws/src/install/moveit_resources_panda_description/share/moveit_resources_panda_description/local_setup.bash
[1.863s] -- Installing: /home/ubuntu/IsaacSim-ros_workspaces/humble_ws/src/install/moveit_resources_panda_description/share/moveit_resources_panda_description/local_setup.sh
[1.866s] -- Installing: /home/ubuntu/IsaacSim-ros_workspaces/humble_ws/src/install/moveit_resources_panda_description/share/moveit_resources_panda_description/local_setup.zsh
[1.867s] -- Installing: /home/ubuntu/IsaacSim-ros_workspaces/humble_ws/src/install/moveit_resources_panda_description/share/moveit_resources_panda_description/local_setup.dsv
[1.867s] -- Installing: /home/ubuntu/IsaacSim-ros_workspaces/humble_ws/src/install/moveit_resources_panda_description/share/moveit_resources_panda_description/package.dsv
[1.867s] -- Installing: /home/ubuntu/IsaacSim-ros_workspaces/humble_ws/src/install/moveit_resources_panda_description/share/ament_index/resource_index/packages/moveit_resources_panda_description
[1.867s] -- Installing: /home/ubuntu/IsaacSim-ros_workspaces/humble_ws/src/install/moveit_resources_panda_description/share/moveit_resources_panda_description/cmake/moveit_resources_panda_descriptionConfig.cmake
[1.867s] -- Installing: /home/ubuntu/IsaacSim-ros_workspaces/humble_ws/src/install/moveit_resources_panda_description/share/moveit_resources_panda_description/cmake/moveit_resources_panda_descriptionConfig-version.cmake
[1.869s] -- Installing: /home/ubuntu/IsaacSim-ros_workspaces/humble_ws/src/install/moveit_resources_panda_description/share/moveit_resources_panda_description/package.xml
[1.869s] -- Installing: /home/ubuntu/IsaacSim-ros_workspaces/humble_ws/src/install/moveit_resources_panda_description/share/moveit_resources_panda_description/meshes
[1.869s] -- Installing: /home/ubuntu/IsaacSim-ros_workspaces/humble_ws/src/install/moveit_resources_panda_description/share/moveit_resources_panda_description/meshes/collision
[1.870s] -- Installing: /home/ubuntu/IsaacSim-ros_workspaces/humble_ws/src/install/moveit_resources_panda_description/share/moveit_resources_panda_description/meshes/collision/link6.stl
[1.870s] -- Installing: /home/ubuntu/IsaacSim-ros_workspaces/humble_ws/src/install/moveit_resources_panda_description/share/moveit_resources_panda_description/meshes/collision/hand.stl
[1.870s] -- Installing: /home/ubuntu/IsaacSim-ros_workspaces/humble_ws/src/install/moveit_resources_panda_description/share/moveit_resources_panda_description/meshes/collision/link2.stl
[1.871s] -- Installing: /home/ubuntu/IsaacSim-ros_workspaces/humble_ws/src/install/moveit_resources_panda_description/share/moveit_resources_panda_description/meshes/collision/link5.stl
[1.871s] -- Installing: /home/ubuntu/IsaacSim-ros_workspaces/humble_ws/src/install/moveit_resources_panda_description/share/moveit_resources_panda_description/meshes/collision/link3.stl
[1.871s] -- Installing: /home/ubuntu/IsaacSim-ros_workspaces/humble_ws/src/install/moveit_resources_panda_description/share/moveit_resources_panda_description/meshes/collision/link7.stl
[1.871s] -- Installing: /home/ubuntu/IsaacSim-ros_workspaces/humble_ws/src/install/moveit_resources_panda_description/share/moveit_resources_panda_description/meshes/collision/link1.stl
[1.871s] -- Installing: /home/ubuntu/IsaacSim-ros_workspaces/humble_ws/src/install/moveit_resources_panda_description/share/moveit_resources_panda_description/meshes/collision/link0.stl
[1.872s] -- Installing: /home/ubuntu/IsaacSim-ros_workspaces/humble_ws/src/install/moveit_resources_panda_description/share/moveit_resources_panda_description/meshes/collision/link4.stl
[1.872s] -- Installing: /home/ubuntu/IsaacSim-ros_workspaces/humble_ws/src/install/moveit_resources_panda_description/share/moveit_resources_panda_description/meshes/collision/finger.stl
[1.872s] -- Installing: /home/ubuntu/IsaacSim-ros_workspaces/humble_ws/src/install/moveit_resources_panda_description/share/moveit_resources_panda_description/meshes/visual
[1.873s] -- Installing: /home/ubuntu/IsaacSim-ros_workspaces/humble_ws/src/install/moveit_resources_panda_description/share/moveit_resources_panda_description/meshes/visual/finger.dae
[1.873s] -- Installing: /home/ubuntu/IsaacSim-ros_workspaces/humble_ws/src/install/moveit_resources_panda_description/share/moveit_resources_panda_description/meshes/visual/link1.dae
[1.877s] -- Installing: /home/ubuntu/IsaacSim-ros_workspaces/humble_ws/src/install/moveit_resources_panda_description/share/moveit_resources_panda_description/meshes/visual/link4.dae
[1.884s] -- Installing: /home/ubuntu/IsaacSim-ros_workspaces/humble_ws/src/install/moveit_resources_panda_description/share/moveit_resources_panda_description/meshes/visual/link5.dae
[1.893s] -- Installing: /home/ubuntu/IsaacSim-ros_workspaces/humble_ws/src/install/moveit_resources_panda_description/share/moveit_resources_panda_description/meshes/visual/link2.dae
[1.902s] -- Installing: /home/ubuntu/IsaacSim-ros_workspaces/humble_ws/src/install/moveit_resources_panda_description/share/moveit_resources_panda_description/meshes/visual/link7.dae
[1.908s] -- Installing: /home/ubuntu/IsaacSim-ros_workspaces/humble_ws/src/install/moveit_resources_panda_description/share/moveit_resources_panda_description/meshes/visual/link3.dae
[1.916s] -- Installing: /home/ubuntu/IsaacSim-ros_workspaces/humble_ws/src/install/moveit_resources_panda_description/share/moveit_resources_panda_description/meshes/visual/hand.dae
[1.919s] -- Installing: /home/ubuntu/IsaacSim-ros_workspaces/humble_ws/src/install/moveit_resources_panda_description/share/moveit_resources_panda_description/meshes/visual/link0.dae
[1.934s] -- Installing: /home/ubuntu/IsaacSim-ros_workspaces/humble_ws/src/install/moveit_resources_panda_description/share/moveit_resources_panda_description/meshes/visual/link6.dae
[1.945s] -- Installing: /home/ubuntu/IsaacSim-ros_workspaces/humble_ws/src/install/moveit_resources_panda_description/share/moveit_resources_panda_description/urdf
[1.945s] -- Installing: /home/ubuntu/IsaacSim-ros_workspaces/humble_ws/src/install/moveit_resources_panda_description/share/moveit_resources_panda_description/urdf/panda.urdf
[1.949s] Invoked command in '/home/ubuntu/IsaacSim-ros_workspaces/humble_ws/src/build/moveit_resources_panda_description' returned '0': CMAKE_PREFIX_PATH=/home/ubuntu/warehouse-automation-001/install/warehouse_msgs:/home/ubuntu/warehouse-automation-001/install/order_system:/home/ubuntu/warehouse-automation-001/install/orchestrator:/home/ubuntu/warehouse-automation-001/install/hello_world_pkgs:/home/ubuntu/warehouse-automation-001/install/cuopt_bridge:/home/ubuntu/warehouse-automation-001/install/amr_description:/opt/ros/humble PS1=\[\e]0;\u@\h: \w\a\]${debian_chroot:+($debian_chroot)}\[\033[01;32m\]\u@\h\[\033[00m\]:\[\033[01;34m\]\w\[\033[00m\]\$ /usr/bin/cmake --install /home/ubuntu/IsaacSim-ros_workspaces/humble_ws/src/build/moveit_resources_panda_description
