[0.048s] Invoking command in '/home/ubuntu/IsaacSim-ros_workspaces/humble_ws/src/build/cmdvel_to_ackermann': CMAKE_PREFIX_PATH=/home/ubuntu/warehouse-automation-001/install/warehouse_msgs:/home/ubuntu/warehouse-automation-001/install/order_system:/home/ubuntu/warehouse-automation-001/install/orchestrator:/home/ubuntu/warehouse-automation-001/install/hello_world_pkgs:/home/ubuntu/warehouse-automation-001/install/cuopt_bridge:/home/ubuntu/warehouse-automation-001/install/amr_description:/opt/ros/humble PS1=\[\e]0;\u@\h: \w\a\]${debian_chroot:+($debian_chroot)}\[\033[01;32m\]\u@\h\[\033[00m\]:\[\033[01;34m\]\w\[\033[00m\]\$ /usr/bin/cmake /home/ubuntu/IsaacSim-ros_workspaces/humble_ws/src/ackermann_control/cmdvel_to_ackermann -DCMAKE_INSTALL_PREFIX=/home/ubuntu/IsaacSim-ros_workspaces/humble_ws/src/install/cmdvel_to_ackermann
[0.318s] -- The C compiler identification is GNU 11.4.0
[0.451s] -- The CXX compiler identification is GNU 11.4.0
[0.468s] -- Detecting C compiler ABI info
[0.575s] -- Detecting C compiler ABI info - done
[0.585s] -- Check for working C compiler: /usr/bin/cc - skipped
[0.586s] -- Detecting C compile features
[0.588s] -- Detecting C compile features - done
[0.594s] -- Detecting CXX compiler ABI info
[0.721s] -- Detecting CXX compiler ABI info - done
[0.734s] -- Check for working CXX compiler: /usr/bin/c++ - skipped
[0.734s] -- Detecting CXX compile features
[0.737s] -- Detecting CXX compile features - done
[0.741s] -- Found ament_cmake: 1.3.13 (/opt/ros/humble/share/ament_cmake/cmake)
[1.427s] -- Found Python3: /usr/local/bin/python3 (found version "3.10.12") found components: Interpreter 
[1.589s] -- Found rclpy: 3.3.19 (/opt/ros/humble/share/rclpy/cmake)
[1.593s] -- Found ackermann_msgs: 2.0.2 (/opt/ros/humble/share/ackermann_msgs/cmake)
[1.716s] -- Found rosidl_generator_c: 3.1.8 (/opt/ros/humble/share/rosidl_generator_c/cmake)
[1.727s] -- Found rosidl_adapter: 3.1.8 (/opt/ros/humble/share/rosidl_adapter/cmake)
[1.754s] -- Found rosidl_generator_cpp: 3.1.8 (/opt/ros/humble/share/rosidl_generator_cpp/cmake)
[1.791s] -- Using all available rosidl_typesupport_c: rosidl_typesupport_fastrtps_c;rosidl_typesupport_introspection_c
[1.850s] -- Using all available rosidl_typesupport_cpp: rosidl_typesupport_fastrtps_cpp;rosidl_typesupport_introspection_cpp
[1.925s] -- Found geometry_msgs: 4.9.0 (/opt/ros/humble/share/geometry_msgs/cmake)
[2.074s] -- Configuring done
[2.082s] -- Generating done
[2.085s] -- Build files have been written to: /home/ubuntu/IsaacSim-ros_workspaces/humble_ws/src/build/cmdvel_to_ackermann
[2.094s] Invoked command in '/home/ubuntu/IsaacSim-ros_workspaces/humble_ws/src/build/cmdvel_to_ackermann' returned '0': CMAKE_PREFIX_PATH=/home/ubuntu/warehouse-automation-001/install/warehouse_msgs:/home/ubuntu/warehouse-automation-001/install/order_system:/home/ubuntu/warehouse-automation-001/install/orchestrator:/home/ubuntu/warehouse-automation-001/install/hello_world_pkgs:/home/ubuntu/warehouse-automation-001/install/cuopt_bridge:/home/ubuntu/warehouse-automation-001/install/amr_description:/opt/ros/humble PS1=\[\e]0;\u@\h: \w\a\]${debian_chroot:+($debian_chroot)}\[\033[01;32m\]\u@\h\[\033[00m\]:\[\033[01;34m\]\w\[\033[00m\]\$ /usr/bin/cmake /home/ubuntu/IsaacSim-ros_workspaces/humble_ws/src/ackermann_control/cmdvel_to_ackermann -DCMAKE_INSTALL_PREFIX=/home/ubuntu/IsaacSim-ros_workspaces/humble_ws/src/install/cmdvel_to_ackermann
[2.097s] Invoking command in '/home/ubuntu/IsaacSim-ros_workspaces/humble_ws/src/build/cmdvel_to_ackermann': CMAKE_PREFIX_PATH=/home/ubuntu/warehouse-automation-001/install/warehouse_msgs:/home/ubuntu/warehouse-automation-001/install/order_system:/home/ubuntu/warehouse-automation-001/install/orchestrator:/home/ubuntu/warehouse-automation-001/install/hello_world_pkgs:/home/ubuntu/warehouse-automation-001/install/cuopt_bridge:/home/ubuntu/warehouse-automation-001/install/amr_description:/opt/ros/humble PS1=\[\e]0;\u@\h: \w\a\]${debian_chroot:+($debian_chroot)}\[\033[01;32m\]\u@\h\[\033[00m\]:\[\033[01;34m\]\w\[\033[00m\]\$ /usr/bin/cmake --build /home/ubuntu/IsaacSim-ros_workspaces/humble_ws/src/build/cmdvel_to_ackermann -- -j16 -l16
[2.149s] Invoked command in '/home/ubuntu/IsaacSim-ros_workspaces/humble_ws/src/build/cmdvel_to_ackermann' returned '0': CMAKE_PREFIX_PATH=/home/ubuntu/warehouse-automation-001/install/warehouse_msgs:/home/ubuntu/warehouse-automation-001/install/order_system:/home/ubuntu/warehouse-automation-001/install/orchestrator:/home/ubuntu/warehouse-automation-001/install/hello_world_pkgs:/home/ubuntu/warehouse-automation-001/install/cuopt_bridge:/home/ubuntu/warehouse-automation-001/install/amr_description:/opt/ros/humble PS1=\[\e]0;\u@\h: \w\a\]${debian_chroot:+($debian_chroot)}\[\033[01;32m\]\u@\h\[\033[00m\]:\[\033[01;34m\]\w\[\033[00m\]\$ /usr/bin/cmake --build /home/ubuntu/IsaacSim-ros_workspaces/humble_ws/src/build/cmdvel_to_ackermann -- -j16 -l16
[2.151s] Invoking command in '/home/ubuntu/IsaacSim-ros_workspaces/humble_ws/src/build/cmdvel_to_ackermann': CMAKE_PREFIX_PATH=/home/ubuntu/warehouse-automation-001/install/warehouse_msgs:/home/ubuntu/warehouse-automation-001/install/order_system:/home/ubuntu/warehouse-automation-001/install/orchestrator:/home/ubuntu/warehouse-automation-001/install/hello_world_pkgs:/home/ubuntu/warehouse-automation-001/install/cuopt_bridge:/home/ubuntu/warehouse-automation-001/install/amr_description:/opt/ros/humble PS1=\[\e]0;\u@\h: \w\a\]${debian_chroot:+($debian_chroot)}\[\033[01;32m\]\u@\h\[\033[00m\]:\[\033[01;34m\]\w\[\033[00m\]\$ /usr/bin/cmake --install /home/ubuntu/IsaacSim-ros_workspaces/humble_ws/src/build/cmdvel_to_ackermann
[2.159s] -- Install configuration: ""
[2.159s] -- Installing: /home/ubuntu/IsaacSim-ros_workspaces/humble_ws/src/install/cmdvel_to_ackermann/share/cmdvel_to_ackermann/scripts
[2.159s] -- Installing: /home/ubuntu/IsaacSim-ros_workspaces/humble_ws/src/install/cmdvel_to_ackermann/share/cmdvel_to_ackermann/scripts/__init__.py
[2.160s] -- Installing: /home/ubuntu/IsaacSim-ros_workspaces/humble_ws/src/install/cmdvel_to_ackermann/share/cmdvel_to_ackermann/scripts/cmdvel_to_ackermann.py
[2.161s] -- Installing: /home/ubuntu/IsaacSim-ros_workspaces/humble_ws/src/install/cmdvel_to_ackermann/share/cmdvel_to_ackermann/launch
[2.161s] -- Installing: /home/ubuntu/IsaacSim-ros_workspaces/humble_ws/src/install/cmdvel_to_ackermann/share/cmdvel_to_ackermann/launch/cmdvel_to_ackermann.launch.py
[2.162s] -- Installing: /home/ubuntu/IsaacSim-ros_workspaces/humble_ws/src/install/cmdvel_to_ackermann/lib/cmdvel_to_ackermann/cmdvel_to_ackermann.py
[2.162s] -- Installing: /home/ubuntu/IsaacSim-ros_workspaces/humble_ws/src/install/cmdvel_to_ackermann/share/ament_index/resource_index/package_run_dependencies/cmdvel_to_ackermann
[2.162s] -- Installing: /home/ubuntu/IsaacSim-ros_workspaces/humble_ws/src/install/cmdvel_to_ackermann/share/ament_index/resource_index/parent_prefix_path/cmdvel_to_ackermann
[2.162s] -- Installing: /home/ubuntu/IsaacSim-ros_workspaces/humble_ws/src/install/cmdvel_to_ackermann/share/cmdvel_to_ackermann/environment/ament_prefix_path.sh
[2.163s] -- Installing: /home/ubuntu/IsaacSim-ros_workspaces/humble_ws/src/install/cmdvel_to_ackermann/share/cmdvel_to_ackermann/environment/ament_prefix_path.dsv
[2.163s] -- Installing: /home/ubuntu/IsaacSim-ros_workspaces/humble_ws/src/install/cmdvel_to_ackermann/share/cmdvel_to_ackermann/environment/path.sh
[2.163s] -- Installing: /home/ubuntu/IsaacSim-ros_workspaces/humble_ws/src/install/cmdvel_to_ackermann/share/cmdvel_to_ackermann/environment/path.dsv
[2.163s] -- Installing: /home/ubuntu/IsaacSim-ros_workspaces/humble_ws/src/install/cmdvel_to_ackermann/share/cmdvel_to_ackermann/local_setup.bash
[2.163s] -- Installing: /home/ubuntu/IsaacSim-ros_workspaces/humble_ws/src/install/cmdvel_to_ackermann/share/cmdvel_to_ackermann/local_setup.sh
[2.164s] -- Installing: /home/ubuntu/IsaacSim-ros_workspaces/humble_ws/src/install/cmdvel_to_ackermann/share/cmdvel_to_ackermann/local_setup.zsh
[2.164s] -- Installing: /home/ubuntu/IsaacSim-ros_workspaces/humble_ws/src/install/cmdvel_to_ackermann/share/cmdvel_to_ackermann/local_setup.dsv
[2.164s] -- Installing: /home/ubuntu/IsaacSim-ros_workspaces/humble_ws/src/install/cmdvel_to_ackermann/share/cmdvel_to_ackermann/package.dsv
[2.165s] -- Installing: /home/ubuntu/IsaacSim-ros_workspaces/humble_ws/src/install/cmdvel_to_ackermann/share/ament_index/resource_index/packages/cmdvel_to_ackermann
[2.165s] -- Installing: /home/ubuntu/IsaacSim-ros_workspaces/humble_ws/src/install/cmdvel_to_ackermann/share/cmdvel_to_ackermann/cmake/cmdvel_to_ackermannConfig.cmake
[2.165s] -- Installing: /home/ubuntu/IsaacSim-ros_workspaces/humble_ws/src/install/cmdvel_to_ackermann/share/cmdvel_to_ackermann/cmake/cmdvel_to_ackermannConfig-version.cmake
[2.165s] -- Installing: /home/ubuntu/IsaacSim-ros_workspaces/humble_ws/src/install/cmdvel_to_ackermann/share/cmdvel_to_ackermann/package.xml
[2.168s] Invoked command in '/home/ubuntu/IsaacSim-ros_workspaces/humble_ws/src/build/cmdvel_to_ackermann' returned '0': CMAKE_PREFIX_PATH=/home/ubuntu/warehouse-automation-001/install/warehouse_msgs:/home/ubuntu/warehouse-automation-001/install/order_system:/home/ubuntu/warehouse-automation-001/install/orchestrator:/home/ubuntu/warehouse-automation-001/install/hello_world_pkgs:/home/ubuntu/warehouse-automation-001/install/cuopt_bridge:/home/ubuntu/warehouse-automation-001/install/amr_description:/opt/ros/humble PS1=\[\e]0;\u@\h: \w\a\]${debian_chroot:+($debian_chroot)}\[\033[01;32m\]\u@\h\[\033[00m\]:\[\033[01;34m\]\w\[\033[00m\]\$ /usr/bin/cmake --install /home/ubuntu/IsaacSim-ros_workspaces/humble_ws/src/build/cmdvel_to_ackermann
